Not Found: /favicon.ico
Not Found: /favicon.ico
Not Found: /favicon.ico
Not Found: /favicon.ico
Not Found: /.vscode/sftp.json
Not Found: /about
Not Found: /debug/default/view
Not Found: /v2/_catalog
Not Found: /ecp/Current/exporttool/microsoft.exchange.ediscovery.exporttool.application
Not Found: /server-status
Not Found: /login.action
Not Found: /_all_dbs
Not Found: /.DS_Store
Not Found: /.env
Not Found: /.vscode/sftp.json
Not Found: /s/638313e2335313e2437313e2330313/_/;/META-INF/maven/com.atlassian.jira/jira-webapp-dist/pom.properties
Not Found: /config.json
Not Found: /telescope/requests
Not Found: /about
Not Found: /debug/default/view
Not Found: /v2/_catalog
Not Found: /ecp/Current/exporttool/microsoft.exchange.ediscovery.exporttool.application
Not Found: /server-status
Not Found: /login.action
Not Found: /_all_dbs
Not Found: /.DS_Store
Not Found: /.env
Not Found: /.vscode/sftp.json
Not Found: /about
Not Found: /s/638313e2335313e2437313e2330313/_/;/META-INF/maven/com.atlassian.jira/jira-webapp-dist/pom.properties
Not Found: /config.json
Not Found: /debug/default/view
Not Found: /.vscode/sftp.json
Not Found: /telescope/requests
Not Found: /v2/_catalog
Not Found: /about
Not Found: /ecp/Current/exporttool/microsoft.exchange.ediscovery.exporttool.application
Not Found: /debug/default/view
Not Found: /server-status
Not Found: /v2/_catalog
Not Found: /login.action
Not Found: /_all_dbs
Not Found: /ecp/Current/exporttool/microsoft.exchange.ediscovery.exporttool.application
Not Found: /.DS_Store
Not Found: /server-status
Not Found: /.env
Not Found: /login.action
Not Found: /_all_dbs
Not Found: /s/638313e2335313e2437313e2330313/_/;/META-INF/maven/com.atlassian.jira/jira-webapp-dist/pom.properties
Not Found: /.DS_Store
Not Found: /config.json
Not Found: /telescope/requests
Not Found: /.env
Not Found: /s/638313e2335313e2437313e2330313/_/;/META-INF/maven/com.atlassian.jira/jira-webapp-dist/pom.properties
Not Found: /config.json
Not Found: /telescope/requests
Not Found: /favicon.ico
Not Found: /robots.txt
Not Found: /robots.txt
Not Found: /favicon.ico
Not Found: /Public/home/js/check.js
Not Found: /Public/home/js/check.js
Not Found: /static/admin/javascript/hetong.js
Not Found: /static/admin/javascript/hetong.js
Not Found: /favicon.ico
Not Found: /favicon.ico
Not Found: /favicon.ico
Not Found: /favicon.ico
Not Found: /favicon.ico
Not Found: /favicon.ico
Not Found: /favicon.ico
Not Found: /favicon.ico
Not Found: /favicon.ico
Not Found: /favicon.ico
Not Found: /favicon.ico
Not Found: /favicon.ico
Not Found: /favicon.ico
Not Found: /favicon.ico
Not Found: /robots.txt
Not Found: /test_404_page/
Not Found: //favicon.ico
Not Found: /favicon.ico
Not Found: /favicon.ico
Not Found: /favicon.ico
Not Found: /favicon.ico
Not Found: /favicon.ico
Not Found: /favicon.ico
Not Found: /robots.txt
Not Found: /robots.txt
Not Found: /.env
Forbidden (CSRF cookie not set.): /
Not Found: /sendgrid/.env
Forbidden (CSRF cookie not set.): /
Not Found: /favicon.ico
Not Found: /favicon.ico
Not Found: /wp-includes/wlwmanifest.xml
Not Found: /wp-includes/wlwmanifest.xml
Not Found: /xmlrpc.php
Not Found: /xmlrpc.php
Not Found: /blog/wp-includes/wlwmanifest.xml
Not Found: /blog/wp-includes/wlwmanifest.xml
Not Found: /web/wp-includes/wlwmanifest.xml
Not Found: /web/wp-includes/wlwmanifest.xml
Not Found: /wordpress/wp-includes/wlwmanifest.xml
Not Found: /wordpress/wp-includes/wlwmanifest.xml
Not Found: /website/wp-includes/wlwmanifest.xml
Not Found: /website/wp-includes/wlwmanifest.xml
Not Found: /wp/wp-includes/wlwmanifest.xml
Not Found: /wp/wp-includes/wlwmanifest.xml
Not Found: /news/wp-includes/wlwmanifest.xml
Not Found: /news/wp-includes/wlwmanifest.xml
Not Found: /2020/wp-includes/wlwmanifest.xml
Not Found: /2020/wp-includes/wlwmanifest.xml
Not Found: /2019/wp-includes/wlwmanifest.xml
Not Found: /2019/wp-includes/wlwmanifest.xml
Not Found: /shop/wp-includes/wlwmanifest.xml
Not Found: /shop/wp-includes/wlwmanifest.xml
Not Found: /wp1/wp-includes/wlwmanifest.xml
Not Found: /wp1/wp-includes/wlwmanifest.xml
Not Found: /test/wp-includes/wlwmanifest.xml
Not Found: /test/wp-includes/wlwmanifest.xml
Not Found: /wp2/wp-includes/wlwmanifest.xml
Not Found: /wp2/wp-includes/wlwmanifest.xml
Not Found: /site/wp-includes/wlwmanifest.xml
Not Found: /site/wp-includes/wlwmanifest.xml
Not Found: /cms/wp-includes/wlwmanifest.xml
Not Found: /cms/wp-includes/wlwmanifest.xml
Not Found: /sito/wp-includes/wlwmanifest.xml
Not Found: /sito/wp-includes/wlwmanifest.xml
Not Found: /.env
Forbidden (CSRF cookie not set.): /
Not Found: /sendgrid/.env
Forbidden (CSRF cookie not set.): /
Not Found: /_profiler/phpinfo
Not Found: /_profiler/phpinfo
Forbidden (CSRF cookie not set.): /
Forbidden (Referer checking failed - no Referer.): /
Forbidden (CSRF cookie not set.): /
Forbidden (Referer checking failed - no Referer.): /
Not Found: /.env
Not Found: /.env
Not Found: /housingsociety.shifatirabbi.xyz/.env
Not Found: /housingsociety.shifatirabbi.xyz/.env
Not Found: /vendor/.env
Not Found: /vendor/.env
Not Found: /housingsociety.shifatirabbi.xyz/.env
Not Found: /housingsociety.shifatirabbi.xyz/.env
Not Found: /housingsociety.shifatirabbi.xyz/.env
Not Found: /housingsociety.shifatirabbi.xyz/.env
Not Found: /vendor/phpunit/phpunit/src/Util/PHP/eval-stdin.php
Not Found: /wp-includes/wlwmanifest.xml
Not Found: /wp-includes/wlwmanifest.xml
Not Found: /xmlrpc.php
Not Found: /xmlrpc.php
Not Found: /blog/wp-includes/wlwmanifest.xml
Not Found: /web/wp-includes/wlwmanifest.xml
Not Found: /blog/wp-includes/wlwmanifest.xml
Not Found: /wordpress/wp-includes/wlwmanifest.xml
Not Found: /website/wp-includes/wlwmanifest.xml
Not Found: /web/wp-includes/wlwmanifest.xml
Not Found: /wp/wp-includes/wlwmanifest.xml
Not Found: /wordpress/wp-includes/wlwmanifest.xml
Not Found: /news/wp-includes/wlwmanifest.xml
Not Found: /website/wp-includes/wlwmanifest.xml
Not Found: /2020/wp-includes/wlwmanifest.xml
Not Found: /2019/wp-includes/wlwmanifest.xml
Not Found: /wp/wp-includes/wlwmanifest.xml
Not Found: /shop/wp-includes/wlwmanifest.xml
Not Found: /wp1/wp-includes/wlwmanifest.xml
Not Found: /news/wp-includes/wlwmanifest.xml
Not Found: /test/wp-includes/wlwmanifest.xml
Not Found: /2020/wp-includes/wlwmanifest.xml
Not Found: /wp2/wp-includes/wlwmanifest.xml
Not Found: /site/wp-includes/wlwmanifest.xml
Not Found: /2019/wp-includes/wlwmanifest.xml
Not Found: /cms/wp-includes/wlwmanifest.xml
Not Found: /shop/wp-includes/wlwmanifest.xml
Not Found: /sito/wp-includes/wlwmanifest.xml
Not Found: /wp1/wp-includes/wlwmanifest.xml
Not Found: /test/wp-includes/wlwmanifest.xml
Not Found: /wp2/wp-includes/wlwmanifest.xml
Not Found: /site/wp-includes/wlwmanifest.xml
Not Found: /cms/wp-includes/wlwmanifest.xml
Not Found: /sito/wp-includes/wlwmanifest.xml
Not Found: /wp-includes/wlwmanifest.xml
Not Found: /xmlrpc.php
Not Found: /blog/wp-includes/wlwmanifest.xml
Not Found: /web/wp-includes/wlwmanifest.xml
Not Found: /wordpress/wp-includes/wlwmanifest.xml
Not Found: /website/wp-includes/wlwmanifest.xml
Not Found: /wp/wp-includes/wlwmanifest.xml
Not Found: /news/wp-includes/wlwmanifest.xml
Not Found: /wp-includes/wlwmanifest.xml
Not Found: /2020/wp-includes/wlwmanifest.xml
Not Found: /xmlrpc.php
Not Found: /2019/wp-includes/wlwmanifest.xml
Not Found: /shop/wp-includes/wlwmanifest.xml
Not Found: /blog/wp-includes/wlwmanifest.xml
Not Found: /wp1/wp-includes/wlwmanifest.xml
Not Found: /test/wp-includes/wlwmanifest.xml
Not Found: /web/wp-includes/wlwmanifest.xml
Not Found: /wp2/wp-includes/wlwmanifest.xml
Not Found: /wordpress/wp-includes/wlwmanifest.xml
Not Found: /site/wp-includes/wlwmanifest.xml
Not Found: /website/wp-includes/wlwmanifest.xml
Not Found: /wp/wp-includes/wlwmanifest.xml
Not Found: /news/wp-includes/wlwmanifest.xml
Not Found: /cms/wp-includes/wlwmanifest.xml
Not Found: /2020/wp-includes/wlwmanifest.xml
Not Found: /sito/wp-includes/wlwmanifest.xml
Not Found: /2019/wp-includes/wlwmanifest.xml
Not Found: /shop/wp-includes/wlwmanifest.xml
Not Found: /wp1/wp-includes/wlwmanifest.xml
Not Found: /test/wp-includes/wlwmanifest.xml
Not Found: /wp2/wp-includes/wlwmanifest.xml
Not Found: /site/wp-includes/wlwmanifest.xml
Not Found: /cms/wp-includes/wlwmanifest.xml
Not Found: /sito/wp-includes/wlwmanifest.xml
Not Found: /wp-includes/wlwmanifest.xml
Not Found: /xmlrpc.php
Not Found: /wp-includes/wlwmanifest.xml
Not Found: /blog/wp-includes/wlwmanifest.xml
Not Found: /web/wp-includes/wlwmanifest.xml
Not Found: /wordpress/wp-includes/wlwmanifest.xml
Not Found: /website/wp-includes/wlwmanifest.xml
Not Found: /wp/wp-includes/wlwmanifest.xml
Not Found: /news/wp-includes/wlwmanifest.xml
Not Found: /2020/wp-includes/wlwmanifest.xml
Not Found: /xmlrpc.php
Not Found: /blog/wp-includes/wlwmanifest.xml
Not Found: /web/wp-includes/wlwmanifest.xml
Not Found: /2019/wp-includes/wlwmanifest.xml
Not Found: /wordpress/wp-includes/wlwmanifest.xml
Not Found: /website/wp-includes/wlwmanifest.xml
Not Found: /shop/wp-includes/wlwmanifest.xml
Not Found: /wp/wp-includes/wlwmanifest.xml
Not Found: /news/wp-includes/wlwmanifest.xml
Not Found: /wp1/wp-includes/wlwmanifest.xml
Not Found: /test/wp-includes/wlwmanifest.xml
Not Found: /wp2/wp-includes/wlwmanifest.xml
Not Found: /2020/wp-includes/wlwmanifest.xml
Not Found: /site/wp-includes/wlwmanifest.xml
Not Found: /cms/wp-includes/wlwmanifest.xml
Not Found: /sito/wp-includes/wlwmanifest.xml
Not Found: /2019/wp-includes/wlwmanifest.xml
Not Found: /shop/wp-includes/wlwmanifest.xml
Not Found: /wp1/wp-includes/wlwmanifest.xml
Not Found: /test/wp-includes/wlwmanifest.xml
Not Found: /wp2/wp-includes/wlwmanifest.xml
Not Found: /site/wp-includes/wlwmanifest.xml
Not Found: /cms/wp-includes/wlwmanifest.xml
Not Found: /sito/wp-includes/wlwmanifest.xml
Not Found: /wp-includes/wlwmanifest.xml
Not Found: /xmlrpc.php
Not Found: /blog/wp-includes/wlwmanifest.xml
Not Found: /web/wp-includes/wlwmanifest.xml
Not Found: /wordpress/wp-includes/wlwmanifest.xml
Not Found: /website/wp-includes/wlwmanifest.xml
Not Found: /wp/wp-includes/wlwmanifest.xml
Not Found: /news/wp-includes/wlwmanifest.xml
Not Found: /2020/wp-includes/wlwmanifest.xml
Not Found: /wp-includes/wlwmanifest.xml
Not Found: /2019/wp-includes/wlwmanifest.xml
Not Found: /xmlrpc.php
Not Found: /shop/wp-includes/wlwmanifest.xml
Not Found: /wp1/wp-includes/wlwmanifest.xml
Not Found: /blog/wp-includes/wlwmanifest.xml
Not Found: /test/wp-includes/wlwmanifest.xml
Not Found: /web/wp-includes/wlwmanifest.xml
Not Found: /wp2/wp-includes/wlwmanifest.xml
Not Found: /wordpress/wp-includes/wlwmanifest.xml
Not Found: /site/wp-includes/wlwmanifest.xml
Not Found: /website/wp-includes/wlwmanifest.xml
Not Found: /cms/wp-includes/wlwmanifest.xml
Not Found: /wp/wp-includes/wlwmanifest.xml
Not Found: /sito/wp-includes/wlwmanifest.xml
Not Found: /news/wp-includes/wlwmanifest.xml
Not Found: /2020/wp-includes/wlwmanifest.xml
Not Found: /2019/wp-includes/wlwmanifest.xml
Not Found: /shop/wp-includes/wlwmanifest.xml
Not Found: /wp1/wp-includes/wlwmanifest.xml
Not Found: /test/wp-includes/wlwmanifest.xml
Not Found: /wp2/wp-includes/wlwmanifest.xml
Not Found: /site/wp-includes/wlwmanifest.xml
Not Found: /cms/wp-includes/wlwmanifest.xml
Not Found: /sito/wp-includes/wlwmanifest.xml
Not Found: /favicon.ico
Not Found: /favicon.ico
Not Found: /.env
Forbidden (CSRF cookie not set.): /
Not Found: /sendgrid/.env
Forbidden (CSRF cookie not set.): /
Forbidden (CSRF cookie not set.): /
Forbidden (Referer checking failed - no Referer.): /
Not Found: /.env
Not Found: /.env
Not Found: /housingsociety.shifatirabbi.xyz/.env
Not Found: /housingsociety.shifatirabbi.xyz/.env
Not Found: /vendor/.env
Not Found: /vendor/.env
Not Found: /housingsociety.shifatirabbi.xyz/.env
Not Found: /housingsociety.shifatirabbi.xyz/.env
Not Found: /housingsociety.shifatirabbi.xyz/.env
Not Found: /housingsociety.shifatirabbi.xyz/.env
Not Found: /vendor/phpunit/phpunit/src/Util/PHP/eval-stdin.php
Not Found: /sitemap.xml
Not Found: /robots.txt
Not Found: /_profiler/phpinfo
Not Found: /_profiler/phpinfo
Forbidden (CSRF cookie not set.): /
Forbidden (Referer checking failed - no Referer.): /
Forbidden (CSRF cookie not set.): /
Forbidden (Referer checking failed - no Referer.): /
Not Found: /sitemap.xml
Not Found: /robots.txt
Not Found: /favicon.ico
Not Found: /favicon.ico
Not Found: /favicon.ico
Not Found: /favicon.ico
Not Found: /favicon.ico
Not Found: /other/codepay/js/codepay_util.js
Not Found: /api/im/v2/app/config
Not Found: /static/index/js/lk/order.js
Not Found: /static/wap/js/order.js
Not Found: /6/
Not Found: /a/
Not Found: /h5
Not Found: /im/
Not Found: /xy/
Not Found: /h5
Not Found: /api
Not Found: /wap
Not Found: /api
Not Found: /m/
Not Found: /h5/
Not Found: /app/
Not Found: /otc/
Not Found: /static/wap/css/trade-history.css
Not Found: /static/index/css/trade-history.css
Not Found: /index/login
Not Found: /h5/
Not Found: /main
Not Found: /wap/
Not Found: /home/
Not Found: /index
Not Found: /app/
Not Found: /ding/
Not Found: /homes/
Not Found: /mobile
Not Found: /config
Not Found: /m.html
Not Found: /im/h5/
Not Found: /xianyu/
Not Found: /homes/
Not Found: /site.js
Not Found: /mobile/
Not Found: /m/
Not Found: /jym-wn/
Not Found: /init.js
Not Found: /reg.php
Not Found: /m/env.js
Not Found: /api/apps
Not Found: /yinjian/
Not Found: /js/xz.js
Not Found: /platform
Not Found: /getLocale
Not Found: /pc.html
Not Found: /lanren/css/global.css
Not Found: /css/skin/ymPrompt.css
Not Found: /step1.asp
Not Found: /config.js
Not Found: /css/m.css
Not Found: /site/info
Not Found: /home/help
Not Found: /api/index
Not Found: /js/app.js
Not Found: /common.js
Not Found: /home.html
Not Found: /user/Login
Not Found: /chat.html
Not Found: /js/home.js
Not Found: /Css/Hm.css
Not Found: /js/pups.js
Not Found: /d1/OK.php
Not Found: /api/linkPF
Not Found: /api/linkPF
Not Found: /app/
Not Found: /api/notice
Not Found: /api/config
Not Found: /api/hevent
Not Found: /js/lang.js
Not Found: /jiaoyimao/
Not Found: /lib/ab.css
Not Found: /index/aurl
Not Found: /js/basic.js
Not Found: /baseConfig
Not Found: /kline/1m/1
Not Found: /login.html
Not Found: /myConfig.js
Not Found: /js/base1.js
Not Found: /css/all.css
Not Found: /wap/forward
Not Found: /api/im/conf
Not Found: /proxy/games
Not Found: /js/a.script
Not Found: /js/post.js/
Not Found: /login.html
Not Found: /mindex.html
Not Found: /favicon.ico
Not Found: /js/index.js
Not Found: /css/css.css
Not Found: /js/bk.min.js
Not Found: /my/zijin.png
Not Found: /js/config.js
Not Found: /css/main.css
Not Found: /waplogin.php
Not Found: /m/allticker/1
Not Found: /fePublicInfo/
Not Found: /nyyh/game.css
Not Found: /nyyh/chkjs.js
Not Found: /langConfig.js
Not Found: /images/no.jpg
Not Found: /projectConfig
Not Found: /css/style.css
Not Found: /im/in/GetUuid
Not Found: /im/App/config
Not Found: /img/close.png
Not Found: /stock/mzhishu
Not Found: /img/xxing.png
Not Found: /css/other.css
Not Found: /api/v1/config
Not Found: /js/options.js
Not Found: /v2/game/rooms
Not Found: /bapi/st/news/
Not Found: /index/gzid.js
Not Found: /chatlink.html
Not Found: /thriveGame.css
Not Found: /v2/game/rooms
Not Found: /js/nsc/main.js
Not Found: /index.php/sign
Not Found: /api/contactWay
Not Found: /kkrp/site/info
Not Found: /app/js/base.js
Not Found: /img/zllqdk.png
Not Found: /proxy/settings
Not Found: /res/kuai/1.css
Not Found: /home/login.jpg
Not Found: /js/app.base.js
Not Found: /api/user/index
Not Found: /static/css.css
Not Found: /api/config-init
Not Found: /home/main/login
Not Found: /api/config/info
Not Found: /css/scanner.css
Not Found: /api/apps/config
Not Found: /res/kuai/21.css
Not Found: /phalapi/public/
Not Found: /api/api/conf_js
Not Found: /files/pub_rem.js
Not Found: /banner.do
Not Found: /verification.asp
Not Found: /mobile/config.js
Not Found: /appxz/index.html
Not Found: /friendGroup/list
Not Found: /v6/getAppContent
Not Found: /index/newapi/api
Not Found: /hetong/yq
Not Found: /style/Common.css
Not Found: /static/js/app.js
Not Found: /Home/Bind/binding
Not Found: /Res/font/font.css
Not Found: /index/common.css
Not Found: /Home/Index/ajaxTJ
Not Found: /css/nsc/reset.css
Not Found: /Home/Get/getJnd28
Not Found: /Public/initJs.php
Not Found: /skin/js/common.js
Not Found: /csjs/bankCheck.js
Not Found: /Scripts/common.js
Not Found: /biz/server/config
Not Found: /statics/js/API.js
Not Found: /JS/loginstatus.js
Not Found: /api/link/platform
Not Found: /mytio/config/base
Not Found: /static/js/user.js
Not Found: /mobile/login.html
Not Found: /index/login/login
Not Found: /static/common.css
Not Found: /mobile/lists.html
Not Found: /detail1/js/add.js
Not Found: /ph_acquireSession
Not Found: /static/m_text.png
Not Found: /index/index/info/
Not Found: /static/Common.css
Not Found: /static/js/view.js
Not Found: /manager/js/left.js
Not Found: /Pc/Lang/index.html
Not Found: /views/home/home.js
Not Found: /home/GetQrCodeInfo
Not Found: /img/subsidy/kh.png
Not Found: /public/img/cz1.png
Not Found: /api/uploads/apimap
Not Found: /api/getconfig.aspx
Not Found: /images/favicon.ico
Not Found: /api/v1/member/kefu
Not Found: /Home/GetInitSource
Not Found: /static/index/3.png
Not Found: /static/css/css.css
Not Found: /static/f_title.png
Not Found: /uis/app/get/config
Not Found: /index/login/index
Not Found: /bank/mingsheng.png
Not Found: /room/script/face.js
Not Found: /files/pub_reset.css
Not Found: /skin/main/onload.js
Not Found: /Public/css/hall.css
Not Found: /api/site/getInfo.do
Not Found: /static/guide/ab.css
Not Found: /Content/favicon.ico
Not Found: /api/message/webInfo
Not Found: /Public/js/common.js
Not Found: /assets/js/dmshub.js
Not Found: /static/js/config.js
Not Found: /home/banner/getLogo
Not Found: /index/api/getconfig
Not Found: /api/index/webconfig
Not Found: /room/getRoomBangFans
Not Found: /mobile/lottery/list
Not Found: /index/user/register
Not Found: /js/subsidy/bk.min.js
Not Found: /xy/image/jiantou.png
Not Found: /public/css/style.css
Not Found: /Public/css/_pk10.css
Not Found: /api/index/grailindex
Not Found: /Content/Wap/base.css
Not Found: /km.asmx/getPlatParam
Not Found: /static/image/bg1.jpg
Not Found: /assets/etc/query.css
Not Found: /api/user/mobilelogin
Not Found: /index/login/reg.html
Not Found: /static/css/reset.css
Not Found: /lottery/lottery_list
Not Found: /assets/images/dy.jpg
Not Found: /apiApp/app/site/info
Not Found: /api/shares/hqStrList
Not Found: /dist/images/star.png
Not Found: /other/getTopQuestion
Not Found: /jiaoyimao/default.css
Not Found: /data/json/config.json
Not Found: /Public/Home/js/cls.js
Not Found: /static/diff_worker.js
Not Found: /static/css/mobile.css
Not Found: /api/user/ismustmobile
Not Found: /api/user/ismustmobile
Not Found: /api/user/ismustmobile
Not Found: /static/css/public.css
Not Found: /index/home/login.html
Not Found: /static/js/download.js
Not Found: /index/login/register
Not Found: /index/user/login.html
Not Found: /index/open/login.html
Not Found: /static/css/common.css
Not Found: /public/wap/js/basis.js
Not Found: /assets/source/list.css
Not Found: /template/css/login.css
Not Found: /index/index/getchatLog
Not Found: /zz/address.php
Not Found: /Public/home/js/check.js
Not Found: /static/home/css/css.css
Not Found: /Home/GetAllGameCategory
Not Found: /static/wap/js/common.js
Not Found: /Public/css/errorCss.css
Not Found: /static/home/js/rooms.js
Not Found: /static/data/configjs.js
Not Found: /static/mobile/user.html
Not Found: /zz2/address.php
Not Found: /member/js/lang_zh_CN.js
Not Found: /assets/res/mods/room.js
Not Found: /api/customerServiceLink
Not Found: /static/tabBar/trade.png
Not Found: /static/v2/css/index.css
Not Found: /api/trade/config/all.do
Not Found: /Public/Wchat/js/cvphp.js
Not Found: /xianyu/image/jiantou.png
Not Found: /static/data/gamedatas.js
Not Found: /index_files/bankCheck.js
Not Found: /resources/main/common.js
Not Found: /static/wap/css/index.css
Not Found: /h5/static/tabbar/txl.png
Not Found: /apiapp/Ygn_Girl.CityList
Not Found: /assets/app-manifest.json
Not Found: /dist/images/mask/bg1.jpg
Not Found: /res/common/addfriend.png
Not Found: /phone/images/icon_01.png
Not Found: /assets/shebao/banner.png
Not Found: /static/new/css/style.css
Not Found: /static/voice/default.wav
Not Found: /static/js/chat-config.js
Not Found: /static/visitor/js/web.js
Not Found: /s_api/basic/download/info
Not Found: /dist/azzara/css/down.css
Not Found: /mobile/film/css/index.css
Not Found: /Public/home/js/fukuang.js
Not Found: /Content/css/wzwstylel.css
Not Found: /static/home/imgs/jkjl.png
Not Found: /static/home/imgs/pico.png
Not Found: /api/config/getwebsitename
Not Found: /saconfig/secure/yunwei.js
Not Found: /static/image/logo.png
Not Found: /static/wap/css/common.css
Not Found: /Public/Wchat/css/index.css
Not Found: /assets/AssetManifest.json
Not Found: /Template/Mobile/js/main.js
Not Found: /static/Mobile/js/common.js
Not Found: /template/920ka/css/lsy.css
Not Found: /api/currency/quotation_new
Not Found: /Public/mobile/css/base.css
Not Found: /static/common/js/common.js
Not Found: /public/h5static/js/main.js
Not Found: /pages/console/js/common.js
Not Found: /portal/index/protocol.html
Not Found: /static/home/css/common.css
Not Found: /newApp/winMessTopQuery.php
Not Found: /api/grame/getHomePtLottery
Not Found: /static/v/v2/image/star.png
Not Found: /api/vue/transaction/config
Not Found: /resource/home/js/common.js
Not Found: /img/phonetrackeronline.png
Not Found: /static/wap/css/tipmask.css
Not Found: /front/index/getSiteSetting
Not Found: /static/home/2022/index1.js
Not Found: /static/images/login_bg.jpg
Not Found: /api/procoin/home/config.do
Not Found: /home/login/login_index.html
Not Found: /Templates/user/js/global.js
Not Found: /static/data/thirdgames.json
Not Found: /index.php/Wap/Api/getBanner
Not Found: /static/admincp/js/common.js
Not Found: /kkrps/im_group/show_members
Not Found: /images/testflights_icon.png
Not Found: /views/commData/commonSite.js
Not Found: /market/market-ws/iframe.html
Not Found: /api/system/system/config/get
Not Found: /Public/uploads/web/step1.png
Not Found: /stock2c1/api/site/getInfo.do
Not Found: /public/static/css/public.css
Not Found: /resources/css/headernav.css
Not Found: /resource/home/css/person.css
Not Found: /mobile/v3/appSuperDownload.do
Not Found: /Content/m_1/js/m_1_Jquery.js
Not Found: /common/member/js/user.util.js
Not Found: /template/920ka/js/woodyapp.js
Not Found: /melody/api/v1/pageconfig/list
Not Found: /template/mb/lang/text-zh.json
Not Found: /static/download/img/stars.png
Not Found: /ws/index/getTheLotteryInitList
Not Found: /Public/Qts/Home/js/appAlert.js
Not Found: /getConfig/getArticle.do
Not Found: /Public/home/common/js/index.js
Not Found: /Public/home/wap/css/qdgame.css
Not Found: /masterControl/getSystemSetting
Not Found: /phalapi/public/
Not Found: /install.inc/vipsignInstall.css
Not Found: /api/config/proxy_servers
Not Found: /api/GetConfigByKeys
Not Found: /stage-api/common/configKey/all
Not Found: /api/appVersion
Not Found: /getConfig/getArticle.do
Not Found: /static/img/pic_1@2x.694c993.png
Not Found: /stock/search.html
Not Found: /Application/Buy/Static/js/if.js
Not Found: /wap/static//images/index_tzjr.png
Not Found: /server/business/api/customer/list
Not Found: /api/public/
Not Found: /a/other/codepay/js/codepay_util.js
Not Found: /index/police/index.html
Not Found: /bet/lotteryinfo/allLotteryInfoList
Not Found: /v1/management/tenant/getSpeedDomain
Not Found: /dist/images/mask/guide/cn/step1.jpg
Not Found: /client/static/icon/hangqingicon.png
Not Found: /api/exclude/siteConfig/webSiteConfig
Not Found: /static/home/css/feiqi-ee5401a8e6.css
Not Found: /site/get-hq
Not Found: /assets/yibao/Nweshebao/img/icon2.png
Not Found: /public/static/home/js/moblie/login.js
Not Found: /index.php/Wap/Api/getSystemNotice
Not Found: /static/customer/js/xiaotian.cli.v2.js
Not Found: /Templates/user/finance/css/userPay.css
Not Found: /source/20220119/static/wap/js/order.js
Not Found: /uploads/admin/202103/60584c5b88017.png
Not Found: /api/stock/getSingleStock.do
Not Found: /ajax/allcoin_a/id/0
Not Found: /static/_zxzx/bottom/index_bottom.shtml
Not Found: /index.php
Not Found: /wap/api/exchangerateuserconfig!get.action
Not Found: /Public/Home/ecshe_css/main.css
Not Found: /static/local/img/userCenter/hourlyPrivilege.svg
Not Found: /common/template/lottery/lecai/css/style.css
Not Found: /api/system/systemConfigs/getCustomerServiceLink
Not Found: /Public/Mobile/ecshe_css/wapmain.css
Not Found: /source/20220119/static/wap/css/trade-history.css
Not Found: /infe/rest/fig/advertise/common.json
Not Found: /favicon.ico
Not Found: /client/api/findConfigByKey
Not Found: /site/api/v1/site/vipExclusiveDomain/getGuestDomain
Not Found: /ipl/app/flash/publicbmw/ball/FigLeaf.js
Not Found: /api/v/index/queryOfficePage
Not Found: /uploads/20210928/01737e4f85f971bdf4d892dfaee6579c.png
Not Found: /sdk.html
Not Found: /leftDao.php
Not Found: /service
Not Found: /getConfig/listPopFrame.do
Not Found: /getConfig/listPopFrame.do
Not Found: /Pay_Index.html
Not Found: /t000/login-img-3.svg
Not Found: /themes/pay/assets/core.css
Not Found: /apis/pay_gateway/sanmaopayzhifu/pay
Not Found: /public/static/index/picture/img_33.png
Not Found: /favicon.ico
Not Found: /other/codepay/js/codepay_util.js
Not Found: /api/im/v2/app/config
Not Found: /static/wap/js/order.js
Not Found: /static/wap/css/trade-history.css
Not Found: /static/index/css/trade-history.css
Not Found: /6/
Not Found: /h5
Not Found: /im/
Not Found: /xy/
Not Found: /wap
Not Found: /api
Not Found: /static/index/js/lk/order.js
Not Found: /m/
Not Found: /otc/
Not Found: /h5/
Not Found: /api
Not Found: /a/
Not Found: /app/
Not Found: /index/login
Not Found: /main
Not Found: /h5
Not Found: /wap/
Not Found: /home/
Not Found: /index
Not Found: /app/
Not Found: /ding/
Not Found: /homes/
Not Found: /mobile
Not Found: /config
Not Found: /m.html
Not Found: /xianyu/
Not Found: /site.js
Not Found: /im/h5/
Not Found: /homes/
Not Found: /mobile/
Not Found: /m/
Not Found: /init.js
Not Found: /reg.php
Not Found: /jym-wn/
Not Found: /api/apps
Not Found: /pc.html
Not Found: /m/env.js
Not Found: /yinjian/
Not Found: /js/xz.js
Not Found: /platform
Not Found: /getLocale
Not Found: /step1.asp
Not Found: /lanren/css/global.css
Not Found: /css/skin/ymPrompt.css
Not Found: /config.js
Not Found: /home/help
Not Found: /site/info
Not Found: /css/m.css
Not Found: /api/index
Not Found: /common.js
Not Found: /js/app.js
Not Found: /d1/OK.php
Not Found: /home.html
Not Found: /chat.html
Not Found: /js/home.js
Not Found: /user/Login
Not Found: /js/pups.js
Not Found: /Css/Hm.css
Not Found: /api/linkPF
Not Found: /app/
Not Found: /api/linkPF
Not Found: /login.html
Not Found: /api/notice
Not Found: /index/aurl
Not Found: /api/config
Not Found: /api/hevent
Not Found: /jiaoyimao/
Not Found: /baseConfig
Not Found: /js/lang.js
Not Found: /myConfig.js
Not Found: /js/basic.js
Not Found: /lib/ab.css
Not Found: /kline/1m/1
Not Found: /js/base1.js
Not Found: /css/all.css
Not Found: /wap/forward
Not Found: /api/im/conf
Not Found: /js/a.script
Not Found: /proxy/games
Not Found: /login.html
Not Found: /js/post.js/
Not Found: /mindex.html
Not Found: /favicon.ico
Not Found: /js/index.js
Not Found: /css/css.css
Not Found: /my/zijin.png
Not Found: /js/bk.min.js
Not Found: /js/config.js
Not Found: /css/main.css
Not Found: /m/allticker/1
Not Found: /fePublicInfo/
Not Found: /nyyh/game.css
Not Found: /nyyh/chkjs.js
Not Found: /langConfig.js
Not Found: /css/style.css
Not Found: /waplogin.php
Not Found: /images/no.jpg
Not Found: /projectConfig
Not Found: /im/in/GetUuid
Not Found: /im/App/config
Not Found: /img/close.png
Not Found: /img/xxing.png
Not Found: /css/other.css
Not Found: /stock/mzhishu
Not Found: /index/gzid.js
Not Found: /js/options.js
Not Found: /bapi/st/news/
Not Found: /api/v1/config
Not Found: /js/nsc/main.js
Not Found: /chatlink.html
Not Found: /v2/game/rooms
Not Found: /thriveGame.css
Not Found: /index.php/sign
Not Found: /kkrp/site/info
Not Found: /api/contactWay
Not Found: /img/zllqdk.png
Not Found: /home/login.jpg
Not Found: /proxy/settings
Not Found: /app/js/base.js
Not Found: /js/app.base.js
Not Found: /home/main/login
Not Found: /res/kuai/1.css
Not Found: /static/css.css
Not Found: /api/user/index
Not Found: /v2/game/rooms
Not Found: /api/config-init
Not Found: /api/apps/config
Not Found: /css/scanner.css
Not Found: /api/config/info
Not Found: /res/kuai/21.css
Not Found: /phalapi/public/
Not Found: /api/api/conf_js
Not Found: /files/pub_rem.js
Not Found: /mobile/config.js
Not Found: /banner.do
Not Found: /friendGroup/list
Not Found: /v6/getAppContent
Not Found: /appxz/index.html
Not Found: /index/newapi/api
Not Found: /hetong/yq
Not Found: /index/common.css
Not Found: /verification.asp
Not Found: /static/js/app.js
Not Found: /style/Common.css
Not Found: /css/nsc/reset.css
Not Found: /Home/Bind/binding
Not Found: /Res/font/font.css
Not Found: /Home/Index/ajaxTJ
Not Found: /csjs/bankCheck.js
Not Found: /skin/js/common.js
Not Found: /Home/Get/getJnd28
Not Found: /Public/initJs.php
Not Found: /Scripts/common.js
Not Found: /JS/loginstatus.js
Not Found: /biz/server/config
Not Found: /mobile/lists.html
Not Found: /statics/js/API.js
Not Found: /api/link/platform
Not Found: /static/js/user.js
Not Found: /mytio/config/base
Not Found: /detail1/js/add.js
Not Found: /index/login/login
Not Found: /mobile/login.html
Not Found: /ph_acquireSession
Not Found: /static/common.css
Not Found: /static/m_text.png
Not Found: /static/js/view.js
Not Found: /static/Common.css
Not Found: /Pc/Lang/index.html
Not Found: /views/home/home.js
Not Found: /manager/js/left.js
Not Found: /home/GetQrCodeInfo
Not Found: /img/subsidy/kh.png
Not Found: /index/index/info/
Not Found: /api/v1/member/kefu
Not Found: /public/img/cz1.png
Not Found: /api/uploads/apimap
Not Found: /api/getconfig.aspx
Not Found: /Home/GetInitSource
Not Found: /static/index/3.png
Not Found: /images/favicon.ico
Not Found: /static/css/css.css
Not Found: /static/f_title.png
Not Found: /uis/app/get/config
Not Found: /index/login/index
Not Found: /bank/mingsheng.png
Not Found: /files/pub_reset.css
Not Found: /assets/js/dmshub.js
Not Found: /room/script/face.js
Not Found: /skin/main/onload.js
Not Found: /Public/css/hall.css
Not Found: /api/site/getInfo.do
Not Found: /static/guide/ab.css
Not Found: /Public/js/common.js
Not Found: /api/message/webInfo
Not Found: /static/js/config.js
Not Found: /api/index/webconfig
Not Found: /Content/favicon.ico
Not Found: /home/banner/getLogo
Not Found: /index/api/getconfig
Not Found: /mobile/lottery/list
Not Found: /room/getRoomBangFans
Not Found: /index/user/register
Not Found: /xy/image/jiantou.png
Not Found: /public/css/style.css
Not Found: /js/subsidy/bk.min.js
Not Found: /Public/css/_pk10.css
Not Found: /api/user/mobilelogin
Not Found: /api/index/grailindex
Not Found: /Content/Wap/base.css
Not Found: /km.asmx/getPlatParam
Not Found: /assets/etc/query.css
Not Found: /assets/images/dy.jpg
Not Found: /index/login/reg.html
Not Found: /static/image/bg1.jpg
Not Found: /static/css/reset.css
Not Found: /other/getTopQuestion
Not Found: /api/shares/hqStrList
Not Found: /apiApp/app/site/info
Not Found: /index/login/register
Not Found: /dist/images/star.png
Not Found: /lottery/lottery_list
Not Found: /static/diff_worker.js
Not Found: /data/json/config.json
Not Found: /static/css/mobile.css
Not Found: /Public/Home/js/cls.js
Not Found: /api/user/ismustmobile
Not Found: /api/user/ismustmobile
Not Found: /api/user/ismustmobile
Not Found: /static/css/public.css
Not Found: /jiaoyimao/default.css
Not Found: /index/home/login.html
Not Found: /static/js/download.js
Not Found: /index/open/login.html
Not Found: /index/user/login.html
Not Found: /public/wap/js/basis.js
Not Found: /zz/address.php
Not Found: /template/css/login.css
Not Found: /assets/source/list.css
Not Found: /index/index/getchatLog
Not Found: /assets/res/mods/room.js
Not Found: /Public/home/js/check.js
Not Found: /Home/GetAllGameCategory
Not Found: /Public/css/errorCss.css
Not Found: /static/home/css/css.css
Not Found: /static/mobile/user.html
Not Found: /static/home/js/rooms.js
Not Found: /static/wap/js/common.js
Not Found: /static/data/configjs.js
Not Found: /zz2/address.php
Not Found: /member/js/lang_zh_CN.js
Not Found: /api/customerServiceLink
Not Found: /static/tabBar/trade.png
Not Found: /static/v2/css/index.css
Not Found: /api/trade/config/all.do
Not Found: /xianyu/image/jiantou.png
Not Found: /static/data/gamedatas.js
Not Found: /index_files/bankCheck.js
Not Found: /Public/Wchat/js/cvphp.js
Not Found: /resources/main/common.js
Not Found: /static/wap/css/index.css
Not Found: /apiapp/Ygn_Girl.CityList
Not Found: /h5/static/tabbar/txl.png
Not Found: /assets/app-manifest.json
Not Found: /assets/shebao/banner.png
Not Found: /dist/images/mask/bg1.jpg
Not Found: /res/common/addfriend.png
Not Found: /phone/images/icon_01.png
Not Found: /static/new/css/style.css
Not Found: /static/css/common.css
Not Found: /static/voice/default.wav
Not Found: /static/js/chat-config.js
Not Found: /static/visitor/js/web.js
Not Found: /dist/azzara/css/down.css
Not Found: /Content/css/wzwstylel.css
Not Found: /mobile/film/css/index.css
Not Found: /s_api/basic/download/info
Not Found: /Public/home/js/fukuang.js
Not Found: /static/home/imgs/jkjl.png
Not Found: /static/home/imgs/pico.png
Not Found: /saconfig/secure/yunwei.js
Not Found: /static/image/logo.png
Not Found: /api/config/getwebsitename
Not Found: /static/wap/css/common.css
Not Found: /Template/Mobile/js/main.js
Not Found: /Public/Wchat/css/index.css
Not Found: /assets/AssetManifest.json
Not Found: /static/Mobile/js/common.js
Not Found: /api/currency/quotation_new
Not Found: /template/920ka/css/lsy.css
Not Found: /static/common/js/common.js
Not Found: /public/h5static/js/main.js
Not Found: /Public/mobile/css/base.css
Not Found: /pages/console/js/common.js
Not Found: /static/images/login_bg.jpg
Not Found: /portal/index/protocol.html
Not Found: /static/home/css/common.css
Not Found: /newApp/winMessTopQuery.php
Not Found: /static/v/v2/image/star.png
Not Found: /api/grame/getHomePtLottery
Not Found: /img/phonetrackeronline.png
Not Found: /resource/home/js/common.js
Not Found: /static/home/2022/index1.js
Not Found: /api/vue/transaction/config
Not Found: /front/index/getSiteSetting
Not Found: /api/procoin/home/config.do
Not Found: /static/wap/css/tipmask.css
Not Found: /resources/css/headernav.css
Not Found: /home/login/login_index.html
Not Found: /Templates/user/js/global.js
Not Found: /static/data/thirdgames.json
Not Found: /index.php/Wap/Api/getBanner
Not Found: /static/admincp/js/common.js
Not Found: /images/testflights_icon.png
Not Found: /market/market-ws/iframe.html
Not Found: /views/commData/commonSite.js
Not Found: /api/system/system/config/get
Not Found: /kkrps/im_group/show_members
Not Found: /stock2c1/api/site/getInfo.do
Not Found: /Public/uploads/web/step1.png
Not Found: /resource/home/css/person.css
Not Found: /public/static/css/public.css
Not Found: /Content/m_1/js/m_1_Jquery.js
Not Found: /mobile/v3/appSuperDownload.do
Not Found: /common/member/js/user.util.js
Not Found: /template/920ka/js/woodyapp.js
Not Found: /static/download/img/stars.png
Not Found: /Public/Qts/Home/js/appAlert.js
Not Found: /Public/home/wap/css/qdgame.css
Not Found: /getConfig/getArticle.do
Not Found: /ws/index/getTheLotteryInitList
Not Found: /Public/home/common/js/index.js
Not Found: /api/config/proxy_servers
Not Found: /melody/api/v1/pageconfig/list
Not Found: /template/mb/lang/text-zh.json
Not Found: /masterControl/getSystemSetting
Not Found: /install.inc/vipsignInstall.css
Not Found: /api/GetConfigByKeys
Not Found: /phalapi/public/
Not Found: /api/appVersion
Not Found: /stage-api/common/configKey/all
Not Found: /getConfig/getArticle.do
Not Found: /static/img/pic_1@2x.694c993.png
Not Found: /stock/search.html
Not Found: /Application/Buy/Static/js/if.js
Not Found: /wap/static//images/index_tzjr.png
Not Found: /server/business/api/customer/list
Not Found: /a/other/codepay/js/codepay_util.js
Not Found: /api/public/
Not Found: /index/police/index.html
Not Found: /bet/lotteryinfo/allLotteryInfoList
Not Found: /v1/management/tenant/getSpeedDomain
Not Found: /client/static/icon/hangqingicon.png
Not Found: /dist/images/mask/guide/cn/step1.jpg
Not Found: /api/exclude/siteConfig/webSiteConfig
Not Found: /static/home/css/feiqi-ee5401a8e6.css
Not Found: /public/static/home/js/moblie/login.js
Not Found: /static/customer/js/xiaotian.cli.v2.js
Not Found: /assets/yibao/Nweshebao/img/icon2.png
Not Found: /site/get-hq
Not Found: /index.php/Wap/Api/getSystemNotice
Not Found: /uploads/admin/202103/60584c5b88017.png
Not Found: /source/20220119/static/wap/js/order.js
Not Found: /Templates/user/finance/css/userPay.css
Not Found: /api/stock/getSingleStock.do
Not Found: /static/_zxzx/bottom/index_bottom.shtml
Not Found: /ajax/allcoin_a/id/0
Not Found: /wap/api/exchangerateuserconfig!get.action
Not Found: /index.php
Not Found: /common/template/lottery/lecai/css/style.css
Not Found: /static/local/img/userCenter/hourlyPrivilege.svg
Not Found: /api/system/systemConfigs/getCustomerServiceLink
Not Found: /Public/Home/ecshe_css/main.css
Not Found: /Public/Mobile/ecshe_css/wapmain.css
Not Found: /source/20220119/static/wap/css/trade-history.css
Not Found: /client/api/findConfigByKey
Not Found: /favicon.ico
Not Found: /site/api/v1/site/vipExclusiveDomain/getGuestDomain
Not Found: /infe/rest/fig/advertise/common.json
Not Found: /api/v/index/queryOfficePage
Not Found: /uploads/20210928/01737e4f85f971bdf4d892dfaee6579c.png
Not Found: /ipl/app/flash/publicbmw/ball/FigLeaf.js
Not Found: /sdk.html
Not Found: /leftDao.php
Not Found: /service
Not Found: /getConfig/listPopFrame.do
Not Found: /getConfig/listPopFrame.do
Not Found: /t000/login-img-3.svg
Not Found: /themes/pay/assets/core.css
Not Found: /apis/pay_gateway/sanmaopayzhifu/pay
Not Found: /Pay_Index.html
Not Found: /public/static/index/picture/img_33.png
Not Found: /favicon.ico
Not Found: /other/codepay/js/codepay_util.js
Not Found: /api/im/v2/app/config
Not Found: /static/index/js/lk/order.js
Not Found: /index/login
Not Found: /a/
Not Found: /xy/
Not Found: /static/wap/js/order.js
Not Found: /6/
Not Found: /static/index/css/trade-history.css
Not Found: /api
Not Found: /im/
Not Found: /h5
Not Found: /wap
Not Found: /h5
Not Found: /static/wap/css/trade-history.css
Not Found: /api
Not Found: /m/
Not Found: /h5/
Not Found: /app/
Not Found: /otc/
Not Found: /main
Not Found: /wap/
Not Found: /home/
Not Found: /index
Not Found: /app/
Not Found: /homes/
Not Found: /ding/
Not Found: /mobile
Not Found: /config
Not Found: /im/h5/
Not Found: /xianyu/
Not Found: /site.js
Not Found: /m.html
Not Found: /homes/
Not Found: /init.js
Not Found: /mobile/
Not Found: /reg.php
Not Found: /jym-wn/
Not Found: /m/
Not Found: /api/apps
Not Found: /m/env.js
Not Found: /yinjian/
Not Found: /js/xz.js
Not Found: /platform
Not Found: /getLocale
Not Found: /lanren/css/global.css
Not Found: /css/skin/ymPrompt.css
Not Found: /site/info
Not Found: /config.js
Not Found: /home/help
Not Found: /css/m.css
Not Found: /api/index
Not Found: /pc.html
Not Found: /common.js
Not Found: /js/app.js
Not Found: /d1/OK.php
Not Found: /chat.html
Not Found: /home.html
Not Found: /user/Login
Not Found: /step1.asp
Not Found: /js/home.js
Not Found: /Css/Hm.css
Not Found: /js/pups.js
Not Found: /api/linkPF
Not Found: /index/aurl
Not Found: /api/linkPF
Not Found: /login.html
Not Found: /api/notice
Not Found: /app/
Not Found: /api/config
Not Found: /api/hevent
Not Found: /js/lang.js
Not Found: /jiaoyimao/
Not Found: /baseConfig
Not Found: /lib/ab.css
Not Found: /kline/1m/1
Not Found: /js/base1.js
Not Found: /myConfig.js
Not Found: /css/all.css
Not Found: /wap/forward
Not Found: /api/im/conf
Not Found: /proxy/games
Not Found: /js/a.script
Not Found: /js/post.js/
Not Found: /js/basic.js
Not Found: /login.html
Not Found: /js/index.js
Not Found: /favicon.ico
Not Found: /css/css.css
Not Found: /js/bk.min.js
Not Found: /my/zijin.png
Not Found: /css/main.css
Not Found: /js/config.js
Not Found: /mindex.html
Not Found: /waplogin.php
Not Found: /m/allticker/1
Not Found: /fePublicInfo/
Not Found: /nyyh/game.css
Not Found: /nyyh/chkjs.js
Not Found: /langConfig.js
Not Found: /css/style.css
Not Found: /images/no.jpg
Not Found: /projectConfig
Not Found: /im/in/GetUuid
Not Found: /im/App/config
Not Found: /img/close.png
Not Found: /img/xxing.png
Not Found: /css/other.css
Not Found: /stock/mzhishu
Not Found: /index/gzid.js
Not Found: /bapi/st/news/
Not Found: /api/v1/config
Not Found: /js/options.js
Not Found: /v2/game/rooms
Not Found: /chatlink.html
Not Found: /thriveGame.css
Not Found: /v2/game/rooms
Not Found: /index.php/sign
Not Found: /api/contactWay
Not Found: /img/zllqdk.png
Not Found: /kkrp/site/info
Not Found: /proxy/settings
Not Found: /app/js/base.js
Not Found: /home/login.jpg
Not Found: /js/app.base.js
Not Found: /res/kuai/1.css
Not Found: /js/nsc/main.js
Not Found: /static/css.css
Not Found: /api/user/index
Not Found: /api/config-init
Not Found: /home/main/login
Not Found: /api/apps/config
Not Found: /api/config/info
Not Found: /css/scanner.css
Not Found: /api/api/conf_js
Not Found: /phalapi/public/
Not Found: /files/pub_rem.js
Not Found: /res/kuai/21.css
Not Found: /banner.do
Not Found: /verification.asp
Not Found: /mobile/config.js
Not Found: /v6/getAppContent
Not Found: /appxz/index.html
Not Found: /friendGroup/list
Not Found: /hetong/yq
Not Found: /index/common.css
Not Found: /style/Common.css
Not Found: /index/newapi/api
Not Found: /static/js/app.js
Not Found: /Home/Bind/binding
Not Found: /Res/font/font.css
Not Found: /Home/Index/ajaxTJ
Not Found: /css/nsc/reset.css
Not Found: /csjs/bankCheck.js
Not Found: /Home/Get/getJnd28
Not Found: /skin/js/common.js
Not Found: /Scripts/common.js
Not Found: /JS/loginstatus.js
Not Found: /Public/initJs.php
Not Found: /biz/server/config
Not Found: /mobile/lists.html
Not Found: /api/link/platform
Not Found: /static/js/user.js
Not Found: /mobile/login.html
Not Found: /statics/js/API.js
Not Found: /mytio/config/base
Not Found: /index/login/login
Not Found: /detail1/js/add.js
Not Found: /ph_acquireSession
Not Found: /static/common.css
Not Found: /static/m_text.png
Not Found: /static/Common.css
Not Found: /static/js/view.js
Not Found: /index/index/info/
Not Found: /manager/js/left.js
Not Found: /views/home/home.js
Not Found: /home/GetQrCodeInfo
Not Found: /api/v1/member/kefu
Not Found: /public/img/cz1.png
Not Found: /api/uploads/apimap
Not Found: /img/subsidy/kh.png
Not Found: /Home/GetInitSource
Not Found: /Pc/Lang/index.html
Not Found: /api/getconfig.aspx
Not Found: /images/favicon.ico
Not Found: /static/index/3.png
Not Found: /static/css/css.css
Not Found: /uis/app/get/config
Not Found: /static/f_title.png
Not Found: /files/pub_reset.css
Not Found: /index/login/index
Not Found: /bank/mingsheng.png
Not Found: /room/script/face.js
Not Found: /assets/js/dmshub.js
Not Found: /skin/main/onload.js
Not Found: /Public/css/hall.css
Not Found: /api/site/getInfo.do
Not Found: /Public/js/common.js
Not Found: /static/guide/ab.css
Not Found: /api/message/webInfo
Not Found: /Content/favicon.ico
Not Found: /api/index/webconfig
Not Found: /home/banner/getLogo
Not Found: /index/api/getconfig
Not Found: /mobile/lottery/list
Not Found: /room/getRoomBangFans
Not Found: /index/user/register
Not Found: /xy/image/jiantou.png
Not Found: /static/js/config.js
Not Found: /js/subsidy/bk.min.js
Not Found: /public/css/style.css
Not Found: /Public/css/_pk10.css
Not Found: /api/index/grailindex
Not Found: /km.asmx/getPlatParam
Not Found: /Content/Wap/base.css
Not Found: /static/image/bg1.jpg
Not Found: /api/user/mobilelogin
Not Found: /assets/etc/query.css
Not Found: /assets/images/dy.jpg
Not Found: /index/login/reg.html
Not Found: /lottery/lottery_list
Not Found: /static/css/reset.css
Not Found: /api/shares/hqStrList
Not Found: /apiApp/app/site/info
Not Found: /other/getTopQuestion
Not Found: /index/login/register
Not Found: /data/json/config.json
Not Found: /jiaoyimao/default.css
Not Found: /Public/Home/js/cls.js
Not Found: /static/diff_worker.js
Not Found: /static/css/mobile.css
Not Found: /api/user/ismustmobile
Not Found: /api/user/ismustmobile
Not Found: /dist/images/star.png
Not Found: /api/user/ismustmobile
Not Found: /static/css/public.css
Not Found: /static/js/download.js
Not Found: /index/home/login.html
Not Found: /index/user/login.html
Not Found: /index/open/login.html
Not Found: /static/css/common.css
Not Found: /template/css/login.css
Not Found: /index/index/getchatLog
Not Found: /zz/address.php
Not Found: /assets/source/list.css
Not Found: /assets/res/mods/room.js
Not Found: /Public/home/js/check.js
Not Found: /Home/GetAllGameCategory
Not Found: /Public/css/errorCss.css
Not Found: /static/home/css/css.css
Not Found: /static/wap/js/common.js
Not Found: /static/home/js/rooms.js
Not Found: /member/js/lang_zh_CN.js
Not Found: /api/customerServiceLink
Not Found: /static/tabBar/trade.png
Not Found: /static/v2/css/index.css
Not Found: /static/mobile/user.html
Not Found: /xianyu/image/jiantou.png
Not Found: /api/trade/config/all.do
Not Found: /static/data/gamedatas.js
Not Found: /static/data/configjs.js
Not Found: /zz2/address.php
Not Found: /public/wap/js/basis.js
Not Found: /Public/Wchat/js/cvphp.js
Not Found: /static/wap/css/index.css
Not Found: /index_files/bankCheck.js
Not Found: /resources/main/common.js
Not Found: /assets/app-manifest.json
Not Found: /h5/static/tabbar/txl.png
Not Found: /apiapp/Ygn_Girl.CityList
Not Found: /assets/shebao/banner.png
Not Found: /dist/images/mask/bg1.jpg
Not Found: /phone/images/icon_01.png
Not Found: /static/voice/default.wav
Not Found: /res/common/addfriend.png
Not Found: /static/new/css/style.css
Not Found: /static/js/chat-config.js
Not Found: /static/visitor/js/web.js
Not Found: /s_api/basic/download/info
Not Found: /Public/home/js/fukuang.js
Not Found: /dist/azzara/css/down.css
Not Found: /mobile/film/css/index.css
Not Found: /Content/css/wzwstylel.css
Not Found: /static/home/imgs/jkjl.png
Not Found: /saconfig/secure/yunwei.js
Not Found: /static/home/imgs/pico.png
Not Found: /static/image/logo.png
Not Found: /api/config/getwebsitename
Not Found: /static/wap/css/common.css
Not Found: /assets/AssetManifest.json
Not Found: /Public/Wchat/css/index.css
Not Found: /static/Mobile/js/common.js
Not Found: /Template/Mobile/js/main.js
Not Found: /api/currency/quotation_new
Not Found: /template/920ka/css/lsy.css
Not Found: /public/h5static/js/main.js
Not Found: /Public/mobile/css/base.css
Not Found: /static/common/js/common.js
Not Found: /pages/console/js/common.js
Not Found: /portal/index/protocol.html
Not Found: /static/images/login_bg.jpg
Not Found: /static/home/css/common.css
Not Found: /newApp/winMessTopQuery.php
Not Found: /static/v/v2/image/star.png
Not Found: /api/grame/getHomePtLottery
Not Found: /api/vue/transaction/config
Not Found: /img/phonetrackeronline.png
Not Found: /static/wap/css/tipmask.css
Not Found: /front/index/getSiteSetting
Not Found: /resource/home/js/common.js
Not Found: /static/home/2022/index1.js
Not Found: /api/procoin/home/config.do
Not Found: /home/login/login_index.html
Not Found: /Templates/user/js/global.js
Not Found: /static/data/thirdgames.json
Not Found: /resources/css/headernav.css
Not Found: /static/admincp/js/common.js
Not Found: /index.php/Wap/Api/getBanner
Not Found: /kkrps/im_group/show_members
Not Found: /images/testflights_icon.png
Not Found: /views/commData/commonSite.js
Not Found: /api/system/system/config/get
Not Found: /stock2c1/api/site/getInfo.do
Not Found: /Public/uploads/web/step1.png
Not Found: /market/market-ws/iframe.html
Not Found: /public/static/css/public.css
Not Found: /Content/m_1/js/m_1_Jquery.js
Not Found: /mobile/v3/appSuperDownload.do
Not Found: /common/member/js/user.util.js
Not Found: /resource/home/css/person.css
Not Found: /template/920ka/js/woodyapp.js
Not Found: /melody/api/v1/pageconfig/list
Not Found: /Public/Qts/Home/js/appAlert.js
Not Found: /template/mb/lang/text-zh.json
Not Found: /getConfig/getArticle.do
Not Found: /Public/home/wap/css/qdgame.css
Not Found: /Public/home/common/js/index.js
Not Found: /ws/index/getTheLotteryInitList
Not Found: /api/config/proxy_servers
Not Found: /masterControl/getSystemSetting
Not Found: /install.inc/vipsignInstall.css
Not Found: /phalapi/public/
Not Found: /api/GetConfigByKeys
Not Found: /stage-api/common/configKey/all
Not Found: /api/appVersion
Not Found: /getConfig/getArticle.do
Not Found: /static/img/pic_1@2x.694c993.png
Not Found: /stock/search.html
Not Found: /Application/Buy/Static/js/if.js
Not Found: /wap/static//images/index_tzjr.png
Not Found: /server/business/api/customer/list
Not Found: /a/other/codepay/js/codepay_util.js
Not Found: /static/download/img/stars.png
Not Found: /api/public/
Not Found: /bet/lotteryinfo/allLotteryInfoList
Not Found: /index/police/index.html
Not Found: /dist/images/mask/guide/cn/step1.jpg
Not Found: /client/static/icon/hangqingicon.png
Not Found: /v1/management/tenant/getSpeedDomain
Not Found: /static/home/css/feiqi-ee5401a8e6.css
Not Found: /assets/yibao/Nweshebao/img/icon2.png
Not Found: /site/get-hq
Not Found: /static/customer/js/xiaotian.cli.v2.js
Not Found: /api/exclude/siteConfig/webSiteConfig
Not Found: /Templates/user/finance/css/userPay.css
Not Found: /index.php/Wap/Api/getSystemNotice
Not Found: /uploads/admin/202103/60584c5b88017.png
Not Found: /source/20220119/static/wap/js/order.js
Not Found: /static/_zxzx/bottom/index_bottom.shtml
Not Found: /ajax/allcoin_a/id/0
Not Found: /index.php
Not Found: /public/static/home/js/moblie/login.js
Not Found: /Public/Home/ecshe_css/main.css
Not Found: /wap/api/exchangerateuserconfig!get.action
Not Found: /common/template/lottery/lecai/css/style.css
Not Found: /static/local/img/userCenter/hourlyPrivilege.svg
Not Found: /api/system/systemConfigs/getCustomerServiceLink
Not Found: /source/20220119/static/wap/css/trade-history.css
Not Found: /infe/rest/fig/advertise/common.json
Not Found: /Public/Mobile/ecshe_css/wapmain.css
Not Found: /client/api/findConfigByKey
Not Found: /favicon.ico
Not Found: /site/api/v1/site/vipExclusiveDomain/getGuestDomain
Not Found: /api/stock/getSingleStock.do
Not Found: /ipl/app/flash/publicbmw/ball/FigLeaf.js
Not Found: /api/v/index/queryOfficePage
Not Found: /uploads/20210928/01737e4f85f971bdf4d892dfaee6579c.png
Not Found: /service
Not Found: /leftDao.php
Not Found: /getConfig/listPopFrame.do
Not Found: /getConfig/listPopFrame.do
Not Found: /Pay_Index.html
Not Found: /t000/login-img-3.svg
Not Found: /sdk.html
Not Found: /themes/pay/assets/core.css
Not Found: /apis/pay_gateway/sanmaopayzhifu/pay
Not Found: /public/static/index/picture/img_33.png
Not Found: /favicon.ico
Not Found: /other/codepay/js/codepay_util.js
Not Found: /favicon.ico
Not Found: /api/im/v2/app/config
Not Found: /static/index/js/lk/order.js
Not Found: /static/wap/js/order.js
Not Found: /static/wap/css/trade-history.css
Not Found: /static/index/css/trade-history.css
Not Found: /h5
Not Found: /6/
Not Found: /index/login
Not Found: /a/
Not Found: /xy/
Not Found: /m/
Not Found: /api
Not Found: /otc/
Not Found: /h5/
Not Found: /h5
Not Found: /api
Not Found: /app/
Not Found: /h5/
Not Found: /wap
Not Found: /wap/
Not Found: /im/
Not Found: /main
Not Found: /home/
Not Found: /index
Not Found: /ding/
Not Found: /homes/
Not Found: /app/
Not Found: /mobile
Not Found: /config
Not Found: /m.html
Not Found: /xianyu/
Not Found: /im/h5/
Not Found: /homes/
Not Found: /mobile/
Not Found: /site.js
Not Found: /m/
Not Found: /reg.php
Not Found: /jym-wn/
Not Found: /pc.html
Not Found: /api/apps
Not Found: /init.js
Not Found: /js/xz.js
Not Found: /m/env.js
Not Found: /yinjian/
Not Found: /platform
Not Found: /getLocale
Not Found: /step1.asp
Not Found: /config.js
Not Found: /lanren/css/global.css
Not Found: /home/help
Not Found: /css/m.css
Not Found: /site/info
Not Found: /common.js
Not Found: /api/index
Not Found: /js/app.js
Not Found: /d1/OK.php
Not Found: /css/skin/ymPrompt.css
Not Found: /chat.html
Not Found: /home.html
Not Found: /Css/Hm.css
Not Found: /js/pups.js
Not Found: /user/Login
Not Found: /js/home.js
Not Found: /api/linkPF
Not Found: /api/linkPF
Not Found: /app/
Not Found: /index/aurl
Not Found: /login.html
Not Found: /api/config
Not Found: /api/hevent
Not Found: /api/notice
Not Found: /jiaoyimao/
Not Found: /js/lang.js
Not Found: /lib/ab.css
Not Found: /kline/1m/1
Not Found: /baseConfig
Not Found: /js/base1.js
Not Found: /css/all.css
Not Found: /wap/forward
Not Found: /myConfig.js
Not Found: /proxy/games
Not Found: /js/basic.js
Not Found: /js/post.js/
Not Found: /api/im/conf
Not Found: /login.html
Not Found: /js/a.script
Not Found: /favicon.ico
Not Found: /mindex.html
Not Found: /js/bk.min.js
Not Found: /my/zijin.png
Not Found: /js/config.js
Not Found: /js/index.js
Not Found: /css/main.css
Not Found: /waplogin.php
Not Found: /fePublicInfo/
Not Found: /m/allticker/1
Not Found: /css/css.css
Not Found: /nyyh/chkjs.js
Not Found: /css/style.css
Not Found: /nyyh/game.css
Not Found: /langConfig.js
Not Found: /images/no.jpg
Not Found: /projectConfig
Not Found: /im/in/GetUuid
Not Found: /im/App/config
Not Found: /img/xxing.png
Not Found: /img/close.png
Not Found: /index/gzid.js
Not Found: /bapi/st/news/
Not Found: /css/other.css
Not Found: /stock/mzhishu
Not Found: /v2/game/rooms
Not Found: /js/options.js
Not Found: /thriveGame.css
Not Found: /chatlink.html
Not Found: /api/v1/config
Not Found: /index.php/sign
Not Found: /api/contactWay
Not Found: /v2/game/rooms
Not Found: /kkrp/site/info
Not Found: /app/js/base.js
Not Found: /proxy/settings
Not Found: /img/zllqdk.png
Not Found: /home/login.jpg
Not Found: /js/app.base.js
Not Found: /js/nsc/main.js
Not Found: /static/css.css
Not Found: /res/kuai/1.css
Not Found: /api/user/index
Not Found: /home/main/login
Not Found: /api/config-init
Not Found: /api/config/info
Not Found: /api/apps/config
Not Found: /css/scanner.css
Not Found: /res/kuai/21.css
Not Found: /phalapi/public/
Not Found: /files/pub_rem.js
Not Found: /api/api/conf_js
Not Found: /banner.do
Not Found: /verification.asp
Not Found: /mobile/config.js
Not Found: /friendGroup/list
Not Found: /appxz/index.html
Not Found: /v6/getAppContent
Not Found: /hetong/yq
Not Found: /index/newapi/api
Not Found: /index/common.css
Not Found: /style/Common.css
Not Found: /static/js/app.js
Not Found: /Home/Bind/binding
Not Found: /Home/Index/ajaxTJ
Not Found: /Res/font/font.css
Not Found: /css/nsc/reset.css
Not Found: /csjs/bankCheck.js
Not Found: /Home/Get/getJnd28
Not Found: /Public/initJs.php
Not Found: /skin/js/common.js
Not Found: /Scripts/common.js
Not Found: /JS/loginstatus.js
Not Found: /biz/server/config
Not Found: /statics/js/API.js
Not Found: /mobile/lists.html
Not Found: /api/link/platform
Not Found: /mytio/config/base
Not Found: /static/js/user.js
Not Found: /index/login/login
Not Found: /detail1/js/add.js
Not Found: /mobile/login.html
Not Found: /static/common.css
Not Found: /ph_acquireSession
Not Found: /static/m_text.png
Not Found: /static/js/view.js
Not Found: /static/Common.css
Not Found: /Pc/Lang/index.html
Not Found: /manager/js/left.js
Not Found: /home/GetQrCodeInfo
Not Found: /views/home/home.js
Not Found: /index/index/info/
Not Found: /api/v1/member/kefu
Not Found: /public/img/cz1.png
Not Found: /api/uploads/apimap
Not Found: /img/subsidy/kh.png
Not Found: /Home/GetInitSource
Not Found: /api/getconfig.aspx
Not Found: /static/index/3.png
Not Found: /images/favicon.ico
Not Found: /static/css/css.css
Not Found: /static/f_title.png
Not Found: /uis/app/get/config
Not Found: /index/login/index
Not Found: /files/pub_reset.css
Not Found: /bank/mingsheng.png
Not Found: /room/script/face.js
Not Found: /assets/js/dmshub.js
Not Found: /skin/main/onload.js
Not Found: /Public/css/hall.css
Not Found: /api/site/getInfo.do
Not Found: /static/guide/ab.css
Not Found: /Public/js/common.js
Not Found: /home/banner/getLogo
Not Found: /static/js/config.js
Not Found: /api/message/webInfo
Not Found: /index/api/getconfig
Not Found: /mobile/lottery/list
Not Found: /Content/favicon.ico
Not Found: /room/getRoomBangFans
Not Found: /index/user/register
Not Found: /js/subsidy/bk.min.js
Not Found: /xy/image/jiantou.png
Not Found: /public/css/style.css
Not Found: /Public/css/_pk10.css
Not Found: /Content/Wap/base.css
Not Found: /api/index/grailindex
Not Found: /api/index/webconfig
Not Found: /api/user/mobilelogin
Not Found: /km.asmx/getPlatParam
Not Found: /assets/etc/query.css
Not Found: /static/image/bg1.jpg
Not Found: /assets/images/dy.jpg
Not Found: /static/css/reset.css
Not Found: /index/login/reg.html
Not Found: /apiApp/app/site/info
Not Found: /lottery/lottery_list
Not Found: /api/shares/hqStrList
Not Found: /other/getTopQuestion
Not Found: /data/json/config.json
Not Found: /dist/images/star.png
Not Found: /index/login/register
Not Found: /static/diff_worker.js
Not Found: /Public/Home/js/cls.js
Not Found: /jiaoyimao/default.css
Not Found: /api/user/ismustmobile
Not Found: /api/user/ismustmobile
Not Found: /static/css/public.css
Not Found: /static/css/mobile.css
Not Found: /index/home/login.html
Not Found: /index/user/login.html
Not Found: /static/js/download.js
Not Found: /api/user/ismustmobile
Not Found: /index/open/login.html
Not Found: /static/css/common.css
Not Found: /public/wap/js/basis.js
Not Found: /zz/address.php
Not Found: /index/index/getchatLog
Not Found: /Public/home/js/check.js
Not Found: /assets/source/list.css
Not Found: /assets/res/mods/room.js
Not Found: /template/css/login.css
Not Found: /Home/GetAllGameCategory
Not Found: /Public/css/errorCss.css
Not Found: /static/home/css/css.css
Not Found: /static/home/js/rooms.js
Not Found: /static/wap/js/common.js
Not Found: /static/mobile/user.html
Not Found: /static/data/configjs.js
Not Found: /zz2/address.php
Not Found: /member/js/lang_zh_CN.js
Not Found: /api/customerServiceLink
Not Found: /static/v2/css/index.css
Not Found: /static/tabBar/trade.png
Not Found: /api/trade/config/all.do
Not Found: /xianyu/image/jiantou.png
Not Found: /static/data/gamedatas.js
Not Found: /Public/Wchat/js/cvphp.js
Not Found: /index_files/bankCheck.js
Not Found: /static/wap/css/index.css
Not Found: /resources/main/common.js
Not Found: /assets/app-manifest.json
Not Found: /h5/static/tabbar/txl.png
Not Found: /assets/shebao/banner.png
Not Found: /phone/images/icon_01.png
Not Found: /apiapp/Ygn_Girl.CityList
Not Found: /dist/images/mask/bg1.jpg
Not Found: /res/common/addfriend.png
Not Found: /static/new/css/style.css
Not Found: /static/voice/default.wav
Not Found: /static/visitor/js/web.js
Not Found: /static/js/chat-config.js
Not Found: /dist/azzara/css/down.css
Not Found: /Public/home/js/fukuang.js
Not Found: /mobile/film/css/index.css
Not Found: /Content/css/wzwstylel.css
Not Found: /s_api/basic/download/info
Not Found: /static/home/imgs/jkjl.png
Not Found: /static/home/imgs/pico.png
Not Found: /saconfig/secure/yunwei.js
Not Found: /static/image/logo.png
Not Found: /static/wap/css/common.css
Not Found: /api/config/getwebsitename
Not Found: /Public/Wchat/css/index.css
Not Found: /assets/AssetManifest.json
Not Found: /static/Mobile/js/common.js
Not Found: /Template/Mobile/js/main.js
Not Found: /template/920ka/css/lsy.css
Not Found: /static/common/js/common.js
Not Found: /api/currency/quotation_new
Not Found: /Public/mobile/css/base.css
Not Found: /portal/index/protocol.html
Not Found: /public/h5static/js/main.js
Not Found: /pages/console/js/common.js
Not Found: /static/images/login_bg.jpg
Not Found: /static/v/v2/image/star.png
Not Found: /newApp/winMessTopQuery.php
Not Found: /api/grame/getHomePtLottery
Not Found: /resource/home/js/common.js
Not Found: /img/phonetrackeronline.png
Not Found: /static/home/css/common.css
Not Found: /api/vue/transaction/config
Not Found: /static/wap/css/tipmask.css
Not Found: /static/home/2022/index1.js
Not Found: /front/index/getSiteSetting
Not Found: /resources/css/headernav.css
Not Found: /api/procoin/home/config.do
Not Found: /home/login/login_index.html
Not Found: /static/data/thirdgames.json
Not Found: /Templates/user/js/global.js
Not Found: /kkrps/im_group/show_members
Not Found: /static/admincp/js/common.js
Not Found: /market/market-ws/iframe.html
Not Found: /views/commData/commonSite.js
Not Found: /images/testflights_icon.png
Not Found: /stock2c1/api/site/getInfo.do
Not Found: /api/system/system/config/get
Not Found: /Public/uploads/web/step1.png
Not Found: /public/static/css/public.css
Not Found: /index.php/Wap/Api/getBanner
Not Found: /Content/m_1/js/m_1_Jquery.js
Not Found: /mobile/v3/appSuperDownload.do
Not Found: /resource/home/css/person.css
Not Found: /melody/api/v1/pageconfig/list
Not Found: /common/member/js/user.util.js
Not Found: /template/920ka/js/woodyapp.js
Not Found: /template/mb/lang/text-zh.json
Not Found: /static/download/img/stars.png
Not Found: /Public/Qts/Home/js/appAlert.js
Not Found: /ws/index/getTheLotteryInitList
Not Found: /getConfig/getArticle.do
Not Found: /Public/home/common/js/index.js
Not Found: /api/config/proxy_servers
Not Found: /Public/home/wap/css/qdgame.css
Not Found: /masterControl/getSystemSetting
Not Found: /install.inc/vipsignInstall.css
Not Found: /phalapi/public/
Not Found: /api/GetConfigByKeys
Not Found: /stage-api/common/configKey/all
Not Found: /api/appVersion
Not Found: /getConfig/getArticle.do
Not Found: /static/img/pic_1@2x.694c993.png
Not Found: /stock/search.html
Not Found: /Application/Buy/Static/js/if.js
Not Found: /server/business/api/customer/list
Not Found: /a/other/codepay/js/codepay_util.js
Not Found: /wap/static//images/index_tzjr.png
Not Found: /index/police/index.html
Not Found: /api/public/
Not Found: /bet/lotteryinfo/allLotteryInfoList
Not Found: /v1/management/tenant/getSpeedDomain
Not Found: /client/static/icon/hangqingicon.png
Not Found: /dist/images/mask/guide/cn/step1.jpg
Not Found: /api/exclude/siteConfig/webSiteConfig
Not Found: /static/home/css/feiqi-ee5401a8e6.css
Not Found: /assets/yibao/Nweshebao/img/icon2.png
Not Found: /site/get-hq
Not Found: /public/static/home/js/moblie/login.js
Not Found: /static/customer/js/xiaotian.cli.v2.js
Not Found: /Templates/user/finance/css/userPay.css
Not Found: /index.php/Wap/Api/getSystemNotice
Not Found: /source/20220119/static/wap/js/order.js
Not Found: /uploads/admin/202103/60584c5b88017.png
Not Found: /static/_zxzx/bottom/index_bottom.shtml
Not Found: /ajax/allcoin_a/id/0
Not Found: /index.php
Not Found: /Public/Home/ecshe_css/main.css
Not Found: /common/template/lottery/lecai/css/style.css
Not Found: /wap/api/exchangerateuserconfig!get.action
Not Found: /api/system/systemConfigs/getCustomerServiceLink
Not Found: /static/local/img/userCenter/hourlyPrivilege.svg
Not Found: /Public/Mobile/ecshe_css/wapmain.css
Not Found: /client/api/findConfigByKey
Not Found: /infe/rest/fig/advertise/common.json
Not Found: /site/api/v1/site/vipExclusiveDomain/getGuestDomain
Not Found: /favicon.ico
Not Found: /source/20220119/static/wap/css/trade-history.css
Not Found: /api/stock/getSingleStock.do
Not Found: /api/v/index/queryOfficePage
Not Found: /uploads/20210928/01737e4f85f971bdf4d892dfaee6579c.png
Not Found: /leftDao.php
Not Found: /getConfig/listPopFrame.do
Not Found: /service
Not Found: /ipl/app/flash/publicbmw/ball/FigLeaf.js
Not Found: /getConfig/listPopFrame.do
Not Found: /Pay_Index.html
Not Found: /t000/login-img-3.svg
Not Found: /sdk.html
Not Found: /themes/pay/assets/core.css
Not Found: /apis/pay_gateway/sanmaopayzhifu/pay
Not Found: /public/static/index/picture/img_33.png
Not Found: /robots.txt
Not Found: /sitemap.xml
Not Found: /robots.txt
Not Found: /robots.txt
Not Found: /robots.txt
Not Found: /favicon.ico
Not Found: /.vscode/sftp.json
Not Found: /.vscode/sftp.json
Not Found: /about
Not Found: /about
Not Found: /debug/default/view
Not Found: /debug/default/view
Not Found: /v2/_catalog
Not Found: /v2/_catalog
Not Found: /ecp/Current/exporttool/microsoft.exchange.ediscovery.exporttool.application
Not Found: /ecp/Current/exporttool/microsoft.exchange.ediscovery.exporttool.application
Not Found: /server-status
Not Found: /server-status
Not Found: /login.action
Not Found: /login.action
Not Found: /_all_dbs
Not Found: /_all_dbs
Not Found: /.DS_Store
Not Found: /.DS_Store
Not Found: /.env
Not Found: /.env
Not Found: /.vscode/sftp.json
Not Found: /.vscode/sftp.json
Not Found: /s/638313e2335313e2437313e2330313/_/;/META-INF/maven/com.atlassian.jira/jira-webapp-dist/pom.properties
Not Found: /s/638313e2335313e2437313e2330313/_/;/META-INF/maven/com.atlassian.jira/jira-webapp-dist/pom.properties
Not Found: /config.json
Not Found: /about
Not Found: /config.json
Not Found: /about
Not Found: /telescope/requests
Not Found: /telescope/requests
Not Found: /debug/default/view
Not Found: /debug/default/view
Not Found: /v2/_catalog
Not Found: /v2/_catalog
Not Found: /ecp/Current/exporttool/microsoft.exchange.ediscovery.exporttool.application
Not Found: /ecp/Current/exporttool/microsoft.exchange.ediscovery.exporttool.application
Not Found: /server-status
Not Found: /server-status
Not Found: /login.action
Not Found: /login.action
Not Found: /_all_dbs
Not Found: /_all_dbs
Not Found: /.DS_Store
Not Found: /.DS_Store
Not Found: /.env
Not Found: /.env
Not Found: /s/638313e2335313e2437313e2330313/_/;/META-INF/maven/com.atlassian.jira/jira-webapp-dist/pom.properties
Not Found: /s/638313e2335313e2437313e2330313/_/;/META-INF/maven/com.atlassian.jira/jira-webapp-dist/pom.properties
Not Found: /config.json
Not Found: /config.json
Not Found: /telescope/requests
Not Found: /telescope/requests
Not Found: /favicon.ico
Not Found: /favicon.ico
Not Found: /favicon.ico
Not Found: /favicon.ico
Not Found: /favicon.ico
Not Found: /blog/
Not Found: /wp/
Not Found: /wordpress/
Not Found: /new/
Not Found: /old/
Not Found: /test/
Not Found: /OLD/
Not Found: /backup/
Not Found: /bk/
Not Found: /Public/home/js/check.js
Not Found: /static/admin/javascript/hetong.js
Not Found: /Public/home/js/check.js
Not Found: /static/admin/javascript/hetong.js
Not Found: /favicon.ico
Not Found: /favicon.ico
Not Found: /_ignition/health-check/
Not Found: /public/_ignition/health-check/
Not Found: /wp-includes/wlwmanifest.xml
Not Found: /robots.txt
Not Found: /favicon.ico
Not Found: /favicon.ico
Not Found: /favicon.ico
Not Found: /favicon.ico
Not Found: /favicon.ico
Not Found: /favicon.ico
Not Found: /wp-admin/install.php
Not Found: /feed/
Not Found: /wp-admin/install.php
Not Found: /feed/
Not Found: /feed/
Not Found: /wp-admin/install.php
Not Found: /feed/
Not Found: /wp-admin/install.php
Not Found: /feed/
Not Found: /wp-admin/install.php
Not Found: /feed/
Not Found: /robots.txt
Not Found: /favicon.ico
Not Found: /favicon.ico
Not Found: /favicon.ico
Not Found: /favicon.ico
Not Found: /favicon.ico
Not Found: /favicon.ico
Not Found: /favicon.ico
Not Found: /dist/umd/popper.min.js
Not Found: //cdn.jsdelivr.net/npm/popper.js
Not Found: /dist/js/bootstrap.bundle.min.js
Not Found: /dist/jquery.slim.min.js
Not Found: //cdn.js
Not Found: /xmlrpc.php
Not Found: /xmlrpc.php
Not Found: /robots.txt
Not Found: /sitemap.xml
Not Found: /robots.txt
Not Found: /robots.txt
Not Found: /robots.txt
Not Found: /robots.txt
Not Found: /robots.txt
Not Found: /favicon.ico
Not Found: /favicon.ico
Not Found: /robots.txt
Not Found: /robots.txt
Not Found: /favicon.ico
Not Found: /robots.txt
Not Found: /robots.txt
Not Found: /favicon.ico
Not Found: /robots.txt
Not Found: /robots.txt
Not Found: /favicon.ico
Not Found: /robots.txt
Not Found: /robots.txt
Not Found: /robots.txt
Not Found: /favicon.ico
Not Found: /robots.txt
Not Found: /xmlrpc.php
Not Found: /favicon.ico
Not Found: /robots.txt
Not Found: /robots.txt
Not Found: /favicon.ico
Not Found: /favicon.ico
Not Found: /favicon.ico
Not Found: /favicon.ico
Not Found: /sitemap.xml
Not Found: /robots.txt
Not Found: /favicon.ico
Not Found: /sitemap.xml
Not Found: /robots.txt
Not Found: /robots.txt
Not Found: /favicon.ico
Not Found: /favicon.ico
Not Found: /robots.txt
Not Found: /favicon.ico
Not Found: /robots.txt
Not Found: /favicon.ico
Not Found: /favicon.ico
Not Found: /favicon.ico
Not Found: /favicon.ico
Not Found: /.vscode/sftp.json
Not Found: /.vscode/sftp.json
Not Found: /about
Not Found: /about
Not Found: /debug/default/view
Not Found: /debug/default/view
Not Found: /v2/_catalog
Not Found: /v2/_catalog
Not Found: /ecp/Current/exporttool/microsoft.exchange.ediscovery.exporttool.application
Not Found: /.vscode/sftp.json
Not Found: /ecp/Current/exporttool/microsoft.exchange.ediscovery.exporttool.application
Not Found: /server-status
Not Found: /server-status
Not Found: /login.action
Not Found: /about
Not Found: /login.action
Not Found: /_all_dbs
Not Found: /_all_dbs
Not Found: /debug/default/view
Not Found: /.DS_Store
Not Found: /.vscode/sftp.json
Not Found: /.DS_Store
Not Found: /.env
Not Found: /v2/_catalog
Not Found: /.env
Not Found: /about
Not Found: /ecp/Current/exporttool/microsoft.exchange.ediscovery.exporttool.application
Not Found: /s/638313e2235313e2437313e2330313/_/;/META-INF/maven/com.atlassian.jira/jira-webapp-dist/pom.properties
Not Found: /s/638313e2235313e2437313e2330313/_/;/META-INF/maven/com.atlassian.jira/jira-webapp-dist/pom.properties
Not Found: /config.json
Not Found: /debug/default/view
Not Found: /server-status
Not Found: /config.json
Not Found: /telescope/requests
Not Found: /telescope/requests
Not Found: /login.action
Not Found: /v2/_catalog
Not Found: /_all_dbs
Not Found: /.DS_Store
Not Found: /.env
Not Found: /ecp/Current/exporttool/microsoft.exchange.ediscovery.exporttool.application
Not Found: /server-status
Not Found: /s/638313e2235313e2437313e2330313/_/;/META-INF/maven/com.atlassian.jira/jira-webapp-dist/pom.properties
Not Found: /config.json
Not Found: /login.action
Not Found: /telescope/requests
Not Found: /_all_dbs
Not Found: /.DS_Store
Not Found: /.env
Not Found: /s/638313e2235313e2437313e2330313/_/;/META-INF/maven/com.atlassian.jira/jira-webapp-dist/pom.properties
Not Found: /config.json
Not Found: /telescope/requests
Not Found: /favicon.ico
Not Found: /favicon.ico
Not Found: /Public/home/js/check.js
Not Found: /Public/home/js/check.js
Not Found: /static/admin/javascript/hetong.js
Not Found: /static/admin/javascript/hetong.js
Not Found: /favicon.ico
Not Found: /blog/
Not Found: /wp/
Not Found: /wordpress/
Not Found: /new/
Not Found: /old/
Not Found: /test/
Not Found: /OLD/
Not Found: /backup/
Not Found: /bk/
Not Found: /favicon.ico
Not Found: /favicon.ico
Not Found: /favicon.ico
Not Found: /favicon.ico
Not Found: /robots.txt
Not Found: /favicon.ico
Not Found: /favicon.ico
Not Found: /favicon.ico
Not Found: /favicon.ico
Not Found: /xmlrpc.php
Not Found: /.env
Forbidden (CSRF cookie not set.): /
Not Found: /.env
Forbidden (CSRF cookie not set.): /
Not Found: /favicon.ico
Not Found: /robots.txt
Not Found: /favicon.ico
Not Found: /robots.txt
Not Found: /robots.txt
Not Found: /favicon.ico
Not Found: /favicon.ico
Not Found: /robots.txt
Not Found: /sitemap.xml
Not Found: /robots.txt
Not Found: /robots.txt
Not Found: /robots.txt
Not Found: /robots.txt
Not Found: /robots.txt
Not Found: /favicon.ico
Not Found: /favicon.ico
Not Found: /favicon.ico
Not Found: /robots.txt
Not Found: /robots.txt
Not Found: /favicon.ico
Not Found: /robots.txt
Not Found: /favicon.ico
Not Found: /favicon.ico
[UID:1229][845813] Child process with pid: 846338 was killed by signal: 15, core dumped: no
Not Found: /website/wp-includes/wlwmanifest.xml
Not Found: /cms/wp-includes/wlwmanifest.xml
Not Found: /news/wp-includes/wlwmanifest.xml
Not Found: /wp/wp-includes/wlwmanifest.xml
[UID:1229][845813] Child process with pid: 851857 was killed by signal: 15, core dumped: no
Not Found: /robots.txt
Not Found: /robots.txt
Not Found: /favicon.ico
Not Found: /favicon.ico
Not Found: /favicon.ico
Not Found: /robots.txt
Not Found: /robots.txt
Not Found: /favicon.ico
Not Found: /favicon.ico
Not Found: /wp-login.php
Not Found: /favicon.ico
Not Found: /favicon.ico
Not Found: /.env
Forbidden (CSRF cookie not set.): /
Not Found: /sendgrid/.env
Forbidden (CSRF cookie not set.): /
Not Found: /favicon.ico
Not Found: /favicon.ico
Not Found: /robots.txt
Not Found: /favicon.ico
Not Found: /favicon.ico
Not Found: /wp-login.php
Not Found: /robots.txt
Not Found: /robots.txt
Not Found: /robots.txt
Not Found: /favicon.ico
Not Found: /robots.txt
Not Found: /robots.txt
Not Found: /favicon.ico
Not Found: /robots.txt
Not Found: /sitemap.xml
Not Found: /robots.txt
Not Found: /robots.txt
Not Found: /robots.txt
Not Found: /wp-login.php
Not Found: /favicon.ico
Not Found: /favicon.ico
Not Found: /favicon.ico
Not Found: /favicon.ico
Not Found: /robots.txt
Not Found: /favicon.ico
Not Found: /robots.txt
Not Found: /wp-login.php
Not Found: /robots.txt
Not Found: //wp-content/plugins/WordPressCore/include.php
Not Found: /robots.txt
Not Found: /favicon.ico
Not Found: /favicon.ico
Not Found: /wp-login.php
Not Found: /robots.txt
Not Found: /robots.txt
Not Found: /favicon.ico
Not Found: /.vscode/sftp.json
Not Found: /.vscode/sftp.json
Not Found: /about
Not Found: /about
Not Found: /debug/default/view
Not Found: /debug/default/view
Not Found: /v2/_catalog
Not Found: /v2/_catalog
Not Found: /ecp/Current/exporttool/microsoft.exchange.ediscovery.exporttool.application
Not Found: /ecp/Current/exporttool/microsoft.exchange.ediscovery.exporttool.application
Not Found: /server-status
Not Found: /server-status
Not Found: /login.action
Not Found: /login.action
Not Found: /_all_dbs
Not Found: /.vscode/sftp.json
Not Found: /_all_dbs
Not Found: /.DS_Store
Not Found: /.vscode/sftp.json
Not Found: /about
Not Found: /.DS_Store
Not Found: /.env
Not Found: /about
Not Found: /.env
Not Found: /debug/default/view
Not Found: /s/638313e2235313e2437313e2330313/_/;/META-INF/maven/com.atlassian.jira/jira-webapp-dist/pom.properties
Not Found: /debug/default/view
Not Found: /v2/_catalog
Not Found: /config.json
Not Found: /s/638313e2235313e2437313e2330313/_/;/META-INF/maven/com.atlassian.jira/jira-webapp-dist/pom.properties
Not Found: /config.json
Not Found: /telescope/requests
Not Found: /ecp/Current/exporttool/microsoft.exchange.ediscovery.exporttool.application
Not Found: /v2/_catalog
Not Found: /telescope/requests
Not Found: /server-status
Not Found: /ecp/Current/exporttool/microsoft.exchange.ediscovery.exporttool.application
Not Found: /login.action
Not Found: /server-status
Not Found: /_all_dbs
Not Found: /login.action
Not Found: /.DS_Store
Not Found: /_all_dbs
Not Found: /.env
Not Found: /.DS_Store
Not Found: /.env
Not Found: /s/638313e2235313e2437313e2330313/_/;/META-INF/maven/com.atlassian.jira/jira-webapp-dist/pom.properties
Not Found: /config.json
Not Found: /s/638313e2235313e2437313e2330313/_/;/META-INF/maven/com.atlassian.jira/jira-webapp-dist/pom.properties
Not Found: /telescope/requests
Not Found: /config.json
Not Found: /telescope/requests
Not Found: /favicon.ico
Not Found: /favicon.ico
Not Found: /favicon.ico
Not Found: /favicon.ico
Not Found: /favicon.ico
Not Found: /favicon.ico
Not Found: /favicon.ico
Not Found: /favicon.ico
Not Found: /favicon.ico
Not Found: /favicon.ico
Not Found: /dist/js/bootstrap.bundle.min.js
Not Found: //cdn.js
Not Found: /dist/umd/popper.min.js
Not Found: //cdn.jsdelivr.net/npm/popper.js
Not Found: /dist/jquery.slim.min.js
Not Found: /dist/umd/popper.min.js
Not Found: //cdn.js
Not Found: /dist/js/bootstrap.bundle.min.js
Not Found: //cdn.jsdelivr.net/npm/popper.js
Not Found: /dist/jquery.slim.min.js
Not Found: //cdn.jsdelivr.net/npm/popper.js
Not Found: //cdn.js
Not Found: /dist/js/bootstrap.bundle.min.js
Not Found: /dist/umd/popper.min.js
Not Found: /dist/jquery.slim.min.js
Not Found: //cdn.jsdelivr.net/npm/popper.js
Not Found: /dist/umd/popper.min.js
Not Found: //cdn.js
Not Found: /dist/jquery.slim.min.js
Not Found: /dist/js/bootstrap.bundle.min.js
Not Found: /dist/umd/popper.min.js
Not Found: //cdn.jsdelivr.net/npm/popper.js
Not Found: //cdn.js
Not Found: /dist/js/bootstrap.bundle.min.js
Not Found: /dist/jquery.slim.min.js
Not Found: /dist/umd/popper.min.js
Not Found: /dist/jquery.slim.min.js
Not Found: /dist/js/bootstrap.bundle.min.js
Not Found: //cdn.js
Not Found: //cdn.jsdelivr.net/npm/popper.js
Not Found: /dist/js/bootstrap.bundle.min.js
Not Found: //cdn.jsdelivr.net/npm/popper.js
Not Found: /dist/jquery.slim.min.js
Not Found: //cdn.js
Not Found: /dist/umd/popper.min.js
Not Found: /dist/jquery.slim.min.js
Not Found: //cdn.js
Not Found: /dist/js/bootstrap.bundle.min.js
Not Found: //cdn.jsdelivr.net/npm/popper.js
Not Found: /dist/umd/popper.min.js
Not Found: //cdn.js
Not Found: //cdn.jsdelivr.net/npm/popper.js
Not Found: /dist/umd/popper.min.js
Not Found: /dist/jquery.slim.min.js
Not Found: /dist/js/bootstrap.bundle.min.js
Not Found: /dist/js/bootstrap.bundle.min.js
Not Found: //cdn.jsdelivr.net/npm/popper.js
Not Found: //cdn.js
Not Found: /dist/umd/popper.min.js
Not Found: /dist/jquery.slim.min.js
Not Found: /dist/umd/popper.min.js
Not Found: //cdn.js
Not Found: /dist/jquery.slim.min.js
Not Found: /dist/js/bootstrap.bundle.min.js
Not Found: //cdn.jsdelivr.net/npm/popper.js
Not Found: /dist/umd/popper.min.js
Not Found: /dist/jquery.slim.min.js
Not Found: /dist/js/bootstrap.bundle.min.js
Not Found: //cdn.jsdelivr.net/npm/popper.js
Not Found: //cdn.js
Not Found: /favicon.ico
Not Found: /Public/home/js/check.js
Not Found: /Public/home/js/check.js
Not Found: /static/admin/javascript/hetong.js
Not Found: /static/admin/javascript/hetong.js
Not Found: /favicon.ico
Not Found: /favicon.ico
Not Found: /favicon.ico
Not Found: /favicon.ico
Not Found: /favicon.ico
Not Found: /favicon.ico
Not Found: /favicon.ico
Not Found: /robots.txt
Not Found: /wp-login.php
Not Found: /robots.txt
Not Found: /favicon.ico
Not Found: /.env
Forbidden (CSRF cookie not set.): /
Not Found: /favicon.ico
Not Found: /favicon.ico
Not Found: /favicon.ico
Not Found: /favicon.ico
Not Found: /favicon.ico
Not Found: /favicon.ico
Not Found: /favicon.ico
Not Found: /favicon.ico
Not Found: /.env
Forbidden (CSRF cookie not set.): /
Not Found: /wp-login.php
Not Found: /favicon.ico
Not Found: /favicon.ico
Not Found: /favicon.ico
Not Found: //cdn.jsdelivr.net/npm/popper.js
Not Found: /dist/umd/popper.min.js
Not Found: /dist/js/bootstrap.bundle.min.js
Not Found: /dist/jquery.slim.min.js
Not Found: //cdn.js
Not Found: //cdn.js
Not Found: /dist/js/bootstrap.bundle.min.js
Not Found: /dist/jquery.slim.min.js
Not Found: /dist/umd/popper.min.js
Not Found: //cdn.jsdelivr.net/npm/popper.js
Not Found: //cdn.jsdelivr.net/npm/popper.js
Not Found: /dist/js/bootstrap.bundle.min.js
Not Found: //cdn.js
Not Found: /dist/umd/popper.min.js
Not Found: /dist/jquery.slim.min.js
Not Found: //cdn.jsdelivr.net/npm/popper.js
Not Found: /dist/jquery.slim.min.js
Not Found: /dist/js/bootstrap.bundle.min.js
Not Found: /dist/umd/popper.min.js
Not Found: //cdn.js
Not Found: /favicon.ico
Not Found: /robots.txt
Not Found: /robots.txt
Not Found: /favicon.ico
Not Found: /robots.txt
Not Found: /wp-login.php
Not Found: /wp-login.php
Not Found: /favicon.ico
Not Found: /favicon.ico
Not Found: /favicon.ico
Not Found: /favicon.ico
Not Found: /robots.txt
Not Found: /dist/jquery.slim.min.js
Not Found: /dist/js/bootstrap.bundle.min.js
Not Found: /dist/umd/popper.min.js
Not Found: //cdn.js
Not Found: //cdn.jsdelivr.net/npm/popper.js
Not Found: /robots.txt
Not Found: /robots.txt
Not Found: /wp-login.php
Not Found: /.env
Forbidden (CSRF cookie not set.): /
Forbidden (CSRF cookie not set.): /
Not Found: /wp-login.php
Not Found: /robots.txt
Not Found: /sitemap.xml
Not Found: /robots.txt
Not Found: /robots.txt
Not Found: /robots.txt
Not Found: /robots.txt
Not Found: /wp-login.php
Not Found: /robots.txt
Not Found: /robots.txt
Not Found: /robots.txt
Not Found: /favicon.ico
Not Found: /favicon.ico
Not Found: /robots.txt
Not Found: /sitemap.xml
Not Found: /dist/umd/popper.min.js
Not Found: //cdn.js
Not Found: /dist/jquery.slim.min.js
Not Found: /dist/js/bootstrap.bundle.min.js
Not Found: //cdn.jsdelivr.net/npm/popper.js
Not Found: /favicon.ico
Not Found: /favicon.ico
Not Found: /robots.txt
Not Found: /wp-login.php
Not Found: /wp-login.php
Not Found: /robots.txt
Not Found: /robots.txt
Not Found: /robots.txt
Not Found: /favicon.ico
Not Found: /favicon.ico
Not Found: /robots.txt
Not Found: /robots.txt
Not Found: /robots.txt
Not Found: /favicon.ico
Not Found: /favicon.ico
Not Found: /wp-login.php
Not Found: /robots.txt
Not Found: /dist/jquery.slim.min.js
Not Found: //cdn.js
Not Found: /dist/umd/popper.min.js
Not Found: /dist/js/bootstrap.bundle.min.js
Not Found: //cdn.jsdelivr.net/npm/popper.js
Not Found: /dist/umd/popper.min.js
Not Found: /dist/js/bootstrap.bundle.min.js
Not Found: /dist/jquery.slim.min.js
Not Found: //cdn.jsdelivr.net/npm/popper.js
Not Found: //cdn.js
Not Found: //cdn.js
Not Found: /dist/js/bootstrap.bundle.min.js
Not Found: //cdn.jsdelivr.net/npm/popper.js
Not Found: /dist/umd/popper.min.js
Not Found: /dist/jquery.slim.min.js
Not Found: //cdn.jsdelivr.net/npm/popper.js
Not Found: //cdn.js
Not Found: /dist/umd/popper.min.js
Not Found: /dist/js/bootstrap.bundle.min.js
Not Found: /dist/jquery.slim.min.js
Not Found: /dist/js/bootstrap.bundle.min.js
Not Found: /dist/jquery.slim.min.js
Not Found: //cdn.js
Not Found: //cdn.jsdelivr.net/npm/popper.js
Not Found: /dist/umd/popper.min.js
Not Found: /wp-login.php
Not Found: /favicon.ico
Not Found: /favicon.ico
Not Found: /robots.txt
Not Found: /wp-login.php
Not Found: /favicon.ico
Not Found: /.vscode/sftp.json
Not Found: /.vscode/sftp.json
Not Found: /about
Not Found: /about
Not Found: /debug/default/view
Not Found: /debug/default/view
Not Found: /v2/_catalog
Not Found: /v2/_catalog
Not Found: /ecp/Current/exporttool/microsoft.exchange.ediscovery.exporttool.application
Not Found: /ecp/Current/exporttool/microsoft.exchange.ediscovery.exporttool.application
Not Found: /server-status
Not Found: /server-status
Not Found: /login.action
Not Found: /login.action
Not Found: /_all_dbs
Not Found: /_all_dbs
Not Found: /.DS_Store
Not Found: /.DS_Store
Not Found: /.env
Not Found: /.env
Not Found: /.vscode/sftp.json
Not Found: /.vscode/sftp.json
Not Found: /s/137313e2335313e2437313e2330313/_/;/META-INF/maven/com.atlassian.jira/jira-webapp-dist/pom.properties
Not Found: /s/137313e2335313e2437313e2330313/_/;/META-INF/maven/com.atlassian.jira/jira-webapp-dist/pom.properties
Not Found: /about
Not Found: /config.json
Not Found: /config.json
Not Found: /about
Not Found: /debug/default/view
Not Found: /telescope/requests
Not Found: /telescope/requests
Not Found: /debug/default/view
Not Found: /v2/_catalog
Not Found: /v2/_catalog
Not Found: /ecp/Current/exporttool/microsoft.exchange.ediscovery.exporttool.application
Not Found: /ecp/Current/exporttool/microsoft.exchange.ediscovery.exporttool.application
Not Found: /server-status
Not Found: /server-status
Not Found: /login.action
Not Found: /_all_dbs
Not Found: /login.action
Not Found: /.DS_Store
Not Found: /_all_dbs
Not Found: /.env
Not Found: /.DS_Store
Not Found: /.env
Not Found: /s/137313e2335313e2437313e2330313/_/;/META-INF/maven/com.atlassian.jira/jira-webapp-dist/pom.properties
Not Found: /config.json
Not Found: /s/137313e2335313e2437313e2330313/_/;/META-INF/maven/com.atlassian.jira/jira-webapp-dist/pom.properties
Not Found: /telescope/requests
Not Found: /config.json
Not Found: /telescope/requests
Not Found: /favicon.ico
Not Found: /favicon.ico
Not Found: /favicon.ico
Not Found: /favicon.ico
Not Found: /favicon.ico
Not Found: /favicon.ico
Not Found: /favicon.ico
Not Found: /favicon.ico
Not Found: /favicon.ico
Not Found: /favicon.ico
Not Found: /favicon.ico
Not Found: /favicon.ico
Not Found: /favicon.ico
Not Found: /dist/js/bootstrap.bundle.min.js
Not Found: //cdn.js
Not Found: //cdn.jsdelivr.net/npm/popper.js
Not Found: /dist/umd/popper.min.js
Not Found: /dist/jquery.slim.min.js
Not Found: //cdn.jsdelivr.net/npm/popper.js
Not Found: /dist/jquery.slim.min.js
Not Found: /dist/umd/popper.min.js
Not Found: /dist/js/bootstrap.bundle.min.js
Not Found: //cdn.js
Not Found: //cdn.jsdelivr.net/npm/popper.js
Not Found: /dist/js/bootstrap.bundle.min.js
Not Found: //cdn.js
Not Found: /dist/jquery.slim.min.js
Not Found: /dist/umd/popper.min.js
Not Found: //cdn.jsdelivr.net/npm/popper.js
Not Found: /dist/jquery.slim.min.js
Not Found: //cdn.js
Not Found: /dist/js/bootstrap.bundle.min.js
Not Found: /dist/umd/popper.min.js
Not Found: /Public/home/js/check.js
Not Found: /Public/home/js/check.js
Not Found: /static/admin/javascript/hetong.js
Not Found: /static/admin/javascript/hetong.js
Not Found: /favicon.ico
Not Found: /favicon.ico
Not Found: /dist/umd/popper.min.js
Not Found: //cdn.jsdelivr.net/npm/popper.js
Not Found: /dist/jquery.slim.min.js
Not Found: //cdn.js
Not Found: /dist/js/bootstrap.bundle.min.js
Not Found: /dist/umd/popper.min.js
Not Found: //cdn.js
Not Found: /dist/jquery.slim.min.js
Not Found: /dist/js/bootstrap.bundle.min.js
Not Found: //cdn.jsdelivr.net/npm/popper.js
Not Found: /dist/umd/popper.min.js
Not Found: //cdn.jsdelivr.net/npm/popper.js
Not Found: /dist/js/bootstrap.bundle.min.js
Not Found: //cdn.js
Not Found: /dist/jquery.slim.min.js
Not Found: /dist/js/bootstrap.bundle.min.js
Not Found: /dist/umd/popper.min.js
Not Found: //cdn.jsdelivr.net/npm/popper.js
Not Found: //cdn.js
Not Found: /dist/jquery.slim.min.js
Not Found: /favicon.ico
Not Found: /favicon.ico
Not Found: //cdn.jsdelivr.net/npm/popper.js
Not Found: /dist/umd/popper.min.js
Not Found: /dist/jquery.slim.min.js
Not Found: //cdn.js
Not Found: /dist/js/bootstrap.bundle.min.js
Not Found: //cdn.js
Not Found: /dist/umd/popper.min.js
Not Found: //cdn.jsdelivr.net/npm/popper.js
Not Found: /dist/jquery.slim.min.js
Not Found: /dist/js/bootstrap.bundle.min.js
Not Found: /dist/umd/popper.min.js
Not Found: /dist/js/bootstrap.bundle.min.js
Not Found: /dist/jquery.slim.min.js
Not Found: //cdn.js
Not Found: //cdn.jsdelivr.net/npm/popper.js
Not Found: /dist/umd/popper.min.js
Not Found: //cdn.js
Not Found: /dist/js/bootstrap.bundle.min.js
Not Found: //cdn.jsdelivr.net/npm/popper.js
Not Found: /dist/jquery.slim.min.js
Not Found: /dist/jquery.slim.min.js
Not Found: //cdn.js
Not Found: /dist/js/bootstrap.bundle.min.js
Not Found: /dist/umd/popper.min.js
Not Found: //cdn.jsdelivr.net/npm/popper.js
Not Found: /dist/js/bootstrap.bundle.min.js
Not Found: //cdn.jsdelivr.net/npm/popper.js
Not Found: /dist/umd/popper.min.js
Not Found: //cdn.js
Not Found: /dist/jquery.slim.min.js
Not Found: /dist/umd/popper.min.js
Not Found: //cdn.jsdelivr.net/npm/popper.js
Not Found: /dist/js/bootstrap.bundle.min.js
Not Found: //cdn.js
Not Found: /dist/jquery.slim.min.js
Not Found: /dist/js/bootstrap.bundle.min.js
Not Found: /dist/jquery.slim.min.js
Not Found: /dist/umd/popper.min.js
Not Found: //cdn.jsdelivr.net/npm/popper.js
Not Found: //cdn.js
Not Found: /dist/jquery.slim.min.js
Not Found: //cdn.js
Not Found: /dist/umd/popper.min.js
Not Found: //cdn.jsdelivr.net/npm/popper.js
Not Found: /dist/js/bootstrap.bundle.min.js
Not Found: //cdn.js
Not Found: /dist/jquery.slim.min.js
Not Found: /dist/umd/popper.min.js
Not Found: //cdn.jsdelivr.net/npm/popper.js
Not Found: /dist/js/bootstrap.bundle.min.js
Not Found: //cdn.js
Not Found: /dist/jquery.slim.min.js
Not Found: //cdn.jsdelivr.net/npm/popper.js
Not Found: /dist/js/bootstrap.bundle.min.js
Not Found: /dist/umd/popper.min.js
Not Found: /favicon.ico
Not Found: /favicon.ico
Not Found: /favicon.ico
Not Found: /favicon.ico
Not Found: /favicon.ico
Not Found: /favicon.ico
Not Found: /wp-login.php
Not Found: /robots.txt
Not Found: /favicon.ico
Not Found: /favicon.ico
Not Found: /robots.txt
Not Found: /robots.txt
Not Found: /robots.txt
Not Found: /robots.txt
Not Found: /sitemap.xml
Not Found: /robots.txt
Not Found: /robots.txt
Not Found: /favicon.ico
Not Found: /favicon.ico
Not Found: /favicon.ico
Not Found: /favicon.ico
Not Found: /favicon.ico
Not Found: /favicon.ico
Not Found: /favicon.ico
Not Found: /favicon.ico
Not Found: /robots.txt
Not Found: /robots.txt
Not Found: /robots.txt
Not Found: /robots.txt
Not Found: /favicon.ico
Not Found: /favicon.ico
Not Found: /favicon.ico
Not Found: /robots.txt
Not Found: /robots.txt
Not Found: /favicon.ico
Not Found: /robots.txt
Not Found: /robots.txt
Not Found: /favicon.ico
Not Found: /favicon.ico
Not Found: /favicon.ico
Not Found: /robots.txt
Not Found: /favicon.ico
Not Found: /favicon.ico
Not Found: /favicon.ico
Not Found: /wp-includes/wlwmanifest.xml
Not Found: /xmlrpc.php
Not Found: /blog/wp-includes/wlwmanifest.xml
Not Found: /web/wp-includes/wlwmanifest.xml
Not Found: /wordpress/wp-includes/wlwmanifest.xml
Not Found: /website/wp-includes/wlwmanifest.xml
Not Found: /wp/wp-includes/wlwmanifest.xml
Not Found: /news/wp-includes/wlwmanifest.xml
Not Found: /2020/wp-includes/wlwmanifest.xml
Not Found: /2019/wp-includes/wlwmanifest.xml
Not Found: /shop/wp-includes/wlwmanifest.xml
Not Found: /wp1/wp-includes/wlwmanifest.xml
Not Found: /test/wp-includes/wlwmanifest.xml
Not Found: /wp2/wp-includes/wlwmanifest.xml
Not Found: /site/wp-includes/wlwmanifest.xml
Not Found: /cms/wp-includes/wlwmanifest.xml
Not Found: /sito/wp-includes/wlwmanifest.xml
